#
# There is insufficient memory for the Java Runtime Environment to continue.
# Native memory allocation (mmap) failed to map 101187584 bytes for committing reserved memory.
# Possible reasons:
#   The system is out of physical RAM or swap space
#   In 32 bit mode, the process size limit was hit
# Possible solutions:
#   Reduce memory load on the system
#   Increase physical memory or swap space
#   Check if swap backing store is full
#   Use 64 bit Java on a 64 bit OS
#   Decrease Java heap size (-Xmx/-Xms)
#   Decrease number of Java threads
#   Decrease Java thread stack sizes (-Xss)
#   Set larger code cache with -XX:ReservedCodeCacheSize=
# This output file may be truncated or incomplete.
#
#  Out of Memory Error (os_linux.cpp:2627), pid=6502, tid=0x00007f84442fa700
#
# JRE version: OpenJDK Runtime Environment (8.0_112-b06) (build 1.8.0_112-release-b06)
# Java VM: OpenJDK 64-Bit Server VM (25.112-b06 mixed mode linux-amd64 compressed oops)
# Failed to write core dump. Core dumps have been disabled. To enable core dumping, try "ulimit -c unlimited" before starting Java again
#

---------------  T H R E A D  ---------------

Current thread (0x00007f845c074000):  VMThread [stack: 0x00007f84441fa000,0x00007f84442fb000] [id=6508]

Stack: [0x00007f84441fa000,0x00007f84442fb000],  sp=0x00007f84442f9470,  free space=1021k
Native frames: (J=compiled Java code, j=interpreted, Vv=VM code, C=native code)
V  [libjvm.so+0x9e465d]  VMError::report_and_die()+0x15d
V  [libjvm.so+0x4b6ada]  report_vm_out_of_memory(char const*, int, unsigned long, VMErrorType, char const*)+0x8a
V  [libjvm.so+0x84c860]  os::pd_commit_memory(char*, unsigned long, unsigned long, bool)+0xf0
V  [libjvm.so+0x84737f]  os::commit_memory(char*, unsigned long, unsigned long, bool)+0x1f
V  [libjvm.so+0x8bd3db]  PSVirtualSpace::expand_by(unsigned long)+0x5b
V  [libjvm.so+0x8be050]  PSYoungGen::resize_generation(unsigned long, unsigned long)+0xb0
V  [libjvm.so+0x8be36b]  PSYoungGen::resize(unsigned long, unsigned long)+0x1b
V  [libjvm.so+0x8baa5c]  PSScavenge::invoke_no_policy()+0xdac
V  [libjvm.so+0x8bb238]  PSScavenge::invoke()+0x38
V  [libjvm.so+0x86fcf3]  ParallelScavengeHeap::failed_mem_allocate(unsigned long)+0x63
V  [libjvm.so+0x9e6124]  VM_ParallelGCFailedAllocation::doit()+0x84
V  [libjvm.so+0x9ea537]  VM_Operation::evaluate()+0x47
V  [libjvm.so+0x9e8ff8]  VMThread::evaluate_operation(VM_Operation*)+0x2c8
V  [libjvm.so+0x9e9479]  VMThread::loop()+0x219
V  [libjvm.so+0x9e98c2]  VMThread::run()+0x72
V  [libjvm.so+0x849c82]  java_start(Thread*)+0xf2

VM_Operation (0x00007f840b3f9d50): ParallelGCFailedAllocation, mode: safepoint, requested by thread 0x00007f84140bd800


---------------  P R O C E S S  ---------------

Java Threads: ( => current thread )
  0x00007f8414027800 JavaThread "pool-29-thread-4" [_thread_blocked, id=6911, stack(0x00007f8409ca4000,0x00007f8409da5000)]
  0x00007f8414027000 JavaThread "pool-29-thread-3" [_thread_blocked, id=6909, stack(0x00007f840bafd000,0x00007f840bbfe000)]
  0x00007f8414068000 JavaThread "pool-29-thread-2" [_thread_blocked, id=6906, stack(0x00007f840a4f3000,0x00007f840a5f4000)]
  0x00007f8414067000 JavaThread "pool-30-thread-1" [_thread_blocked, id=6905, stack(0x00007f840a7f6000,0x00007f840a8f7000)]
  0x00007f84140bd800 JavaThread "pool-29-thread-1" [_thread_blocked, id=6904, stack(0x00007f840b2fb000,0x00007f840b3fc000)]
  0x00007f840c008800 JavaThread "pool-12-thread-4" [_thread_blocked, id=6901, stack(0x00007f840b9fc000,0x00007f840bafd000)]
  0x00007f843c00d800 JavaThread "pool-12-thread-3" [_thread_blocked, id=6900, stack(0x00007f840a1f2000,0x00007f840a2f3000)]
  0x00007f84201c2000 JavaThread "pool-24-thread-2" [_thread_blocked, id=6899, stack(0x00007f840bcff000,0x00007f840be00000)]
  0x00007f844804c800 JavaThread "process reaper" daemon [_thread_blocked, id=6892, stack(0x00007f841c062000,0x00007f841c09b000)]
  0x00007f84202db800 JavaThread "pool-24-thread-1" [_thread_blocked, id=6888, stack(0x00007f841c09b000,0x00007f841c19c000)]
  0x00007f842032a800 JavaThread "Cache update executor" [_thread_blocked, id=6886, stack(0x00007f841c39c000,0x00007f841c49d000)]
  0x00007f8420c3f000 JavaThread "Stdin handler" [_thread_blocked, id=6885, stack(0x00007f841e60c000,0x00007f841e70d000)]
  0x00007f8420c3e000 JavaThread "Asynchronous log dispatcher for DefaultDaemonConnection: socket connection from /127.0.0.1:39615 to /127.0.0.1:60248" [_thread_blocked, id=6884, stack(0x00007f841e70d000,0x00007f841e80e000)]
  0x00007f840c079000 JavaThread "Daemon worker Thread 4" [_thread_blocked, id=6881, stack(0x00007f841e80e000,0x00007f841e90f000)]
  0x00007f840c07d000 JavaThread "Cancel handler" [_thread_blocked, id=6880, stack(0x00007f841e90f000,0x00007f841ea10000)]
  0x00007f840c00a800 JavaThread "Handler for socket connection from /127.0.0.1:39615 to /127.0.0.1:60248" [_thread_in_native, id=6879, stack(0x00007f841ed11000,0x00007f841ee12000)]
  0x00007f841403b800 JavaThread "Daemon Thread 4" [_thread_blocked, id=6878, stack(0x00007f841ee12000,0x00007f841ef13000)]
  0x00007f840c011800 JavaThread "pool-12-thread-2" [_thread_blocked, id=6663, stack(0x00007f840b1fa000,0x00007f840b2fb000)]
  0x00007f8414047800 JavaThread "pool-12-thread-1" [_thread_blocked, id=6662, stack(0x00007f840bbfe000,0x00007f840bcff000)]
  0x00007f8404169800 JavaThread "File lock request listener" [_thread_in_native, id=6528, stack(0x00007f841da58000,0x00007f841db59000)]
  0x00007f845cc7e000 JavaThread "pool-1-thread-1" [_thread_blocked, id=6519, stack(0x00007f841ea10000,0x00007f841eb11000)]
  0x00007f845cc1a000 JavaThread "Incoming local TCP Connector on port 39615" [_thread_in_native, id=6516, stack(0x00007f841f11a000,0x00007f841f21b000)]
  0x00007f845c0ba800 JavaThread "Service Thread" daemon [_thread_blocked, id=6514, stack(0x00007f84375ee000,0x00007f84376ef000)]
  0x00007f845c0b7800 JavaThread "C1 CompilerThread1" daemon [_thread_blocked, id=6513, stack(0x00007f84376ef000,0x00007f84377f0000)]
  0x00007f845c0b4800 JavaThread "C2 CompilerThread0" daemon [_thread_blocked, id=6512, stack(0x00007f84377f0000,0x00007f84378f1000)]
  0x00007f845c0b0800 JavaThread "Signal Dispatcher" daemon [_thread_blocked, id=6511, stack(0x00007f84378f1000,0x00007f84379f2000)]
  0x00007f845c080000 JavaThread "Finalizer" daemon [_thread_blocked, id=6510, stack(0x00007f8437eff000,0x00007f8438000000)]
  0x00007f845c07b800 JavaThread "Reference Handler" daemon [_thread_blocked, id=6509, stack(0x00007f84440f9000,0x00007f84441fa000)]
  0x00007f845c00a800 JavaThread "main" [_thread_blocked, id=6505, stack(0x00007f84632bc000,0x00007f84633bd000)]

Other Threads:
=>0x00007f845c074000 VMThread [stack: 0x00007f84441fa000,0x00007f84442fb000] [id=6508]
  0x00007f845c0bd000 WatcherThread [stack: 0x00007f84374ed000,0x00007f84375ee000] [id=6515]

VM state:at safepoint (normal execution)

VM Mutex/Monitor currently owned by a thread:  ([mutex/lock_event])
[0x00007f845c007020] Threads_lock - owner thread: 0x00007f845c074000
[0x00007f845c007520] Heap_lock - owner thread: 0x00007f84140bd800

Heap:
 PSYoungGen      total 284672K, used 49122K [0x00000000e0000000, 0x00000000f4600000, 0x0000000100000000)
  eden space 235520K, 0% used [0x00000000e0000000,0x00000000e0000000,0x00000000ee600000)
  from space 49152K, 99% used [0x00000000ee600000,0x00000000f15f8a88,0x00000000f1600000)
  to   space 46080K, 0% used [0x00000000f1780000,0x00000000f1780000,0x00000000f4480000)
 ParOldGen       total 91136K, used 84710K [0x00000000a0000000, 0x00000000a5900000, 0x00000000e0000000)
  object space 91136K, 92% used [0x00000000a0000000,0x00000000a52b98e8,0x00000000a5900000)
 Metaspace       used 68172K, capacity 70702K, committed 70936K, reserved 1112064K
  class space    used 8537K, capacity 8990K, committed 9008K, reserved 1048576K

Card table byte_map: [0x00007f844ccff000,0x00007f844d000000] byte_map_base: 0x00007f844c7ff000

Marking Bits: (ParMarkBitMap*) 0x00007f846276f340
 Begin Bits: [0x00007f8445000000, 0x00007f8446800000)
 End Bits:   [0x00007f8446800000, 0x00007f8448000000)

Polling page: 0x00007f84633dc000

CodeCache: size=245760Kb used=42575Kb max_used=42618Kb free=203184Kb
 bounds [0x00007f844d000000, 0x00007f844f9e0000, 0x00007f845c000000]
 total_blobs=13540 nmethods=12755 adapters=698
 compilation: enabled

Compilation events (10 events):
Event: 930,099 Thread 0x00007f845c0b4800 nmethod 15303 0x00007f844f9c3090 code [0x00007f844f9c3220, 0x00007f844f9c38f8]
Event: 930,099 Thread 0x00007f845c0b4800 15333       4       com.android.dx.ssa.SCCP::simulatePhiBlock (50 bytes)
Event: 930,163 Thread 0x00007f845c0b7800 15611       2       com.android.dx.rop.code.Rops::opMarkLocal (69 bytes)
Event: 930,164 Thread 0x00007f845c0b7800 nmethod 15611 0x00007f844f9c49d0 code [0x00007f844f9c4ba0, 0x00007f844f9c5078]
Event: 930,309 Thread 0x00007f845c0b4800 nmethod 15333 0x00007f844f9ce3d0 code [0x00007f844f9ce8c0, 0x00007f844f9d1ab0]
Event: 930,311 Thread 0x00007f845c0b4800 15337       4       com.android.dx.cf.code.LineNumberList::pcToLine (73 bytes)
Event: 930,314 Thread 0x00007f845c0b4800 nmethod 15337 0x00007f844d281ed0 code [0x00007f844d282040, 0x00007f844d2822b8]
Event: 930,315 Thread 0x00007f845c0b4800 15379 %     4       com.android.dx.ssa.back.IdenticalBlockCombiner::process @ 79 (323 bytes)
Event: 930,336 Thread 0x00007f845c0b7800 15613       2       com.android.dx.ssa.ConstCollector$1::compare (42 bytes)
Event: 930,337 Thread 0x00007f845c0b7800 nmethod 15613 0x00007f844f9c4110 code [0x00007f844f9c42e0, 0x00007f844f9c4678]

GC Heap History (10 events):
Event: 327,686 GC heap after
Heap after GC invocations=19 (full 3):
 PSYoungGen      total 208896K, used 8733K [0x00000000e0000000, 0x00000000ee980000, 0x0000000100000000)
  eden space 190976K, 0% used [0x00000000e0000000,0x00000000e0000000,0x00000000eba80000)
  from space 17920K, 48% used [0x00000000ed800000,0x00000000ee087488,0x00000000ee980000)
  to   space 24064K, 0% used [0x00000000eba80000,0x00000000eba80000,0x00000000ed200000)
 ParOldGen       total 91136K, used 32654K [0x00000000a0000000, 0x00000000a5900000, 0x00000000e0000000)
  object space 91136K, 35% used [0x00000000a0000000,0x00000000a1fe3a78,0x00000000a5900000)
 Metaspace       used 61596K, capacity 63760K, committed 63896K, reserved 1105920K
  class space    used 7892K, capacity 8319K, committed 8368K, reserved 1048576K
}
Event: 347,361 GC heap before
{Heap before GC invocations=20 (full 3):
 PSYoungGen      total 208896K, used 199709K [0x00000000e0000000, 0x00000000ee980000, 0x0000000100000000)
  eden space 190976K, 100% used [0x00000000e0000000,0x00000000eba80000,0x00000000eba80000)
  from space 17920K, 48% used [0x00000000ed800000,0x00000000ee087488,0x00000000ee980000)
  to   space 24064K, 0% used [0x00000000eba80000,0x00000000eba80000,0x00000000ed200000)
 ParOldGen       total 91136K, used 32654K [0x00000000a0000000, 0x00000000a5900000, 0x00000000e0000000)
  object space 91136K, 35% used [0x00000000a0000000,0x00000000a1fe3a78,0x00000000a5900000)
 Metaspace       used 65667K, capacity 68032K, committed 68248K, reserved 1107968K
  class space    used 8314K, capacity 8787K, committed 8880K, reserved 1048576K
Event: 347,434 GC heap after
Heap after GC invocations=20 (full 3):
 PSYoungGen      total 215040K, used 24048K [0x00000000e0000000, 0x00000000f0a80000, 0x0000000100000000)
  eden space 190976K, 0% used [0x00000000e0000000,0x00000000e0000000,0x00000000eba80000)
  from space 24064K, 99% used [0x00000000eba80000,0x00000000ed1fc220,0x00000000ed200000)
  to   space 31232K, 0% used [0x00000000eec00000,0x00000000eec00000,0x00000000f0a80000)
 ParOldGen       total 91136K, used 41944K [0x00000000a0000000, 0x00000000a5900000, 0x00000000e0000000)
  object space 91136K, 46% used [0x00000000a0000000,0x00000000a28f63c0,0x00000000a5900000)
 Metaspace       used 65667K, capacity 68032K, committed 68248K, reserved 1107968K
  class space    used 8314K, capacity 8787K, committed 8880K, reserved 1048576K
}
Event: 348,951 GC heap before
{Heap before GC invocations=21 (full 3):
 PSYoungGen      total 215040K, used 215024K [0x00000000e0000000, 0x00000000f0a80000, 0x0000000100000000)
  eden space 190976K, 100% used [0x00000000e0000000,0x00000000eba80000,0x00000000eba80000)
  from space 24064K, 99% used [0x00000000eba80000,0x00000000ed1fc220,0x00000000ed200000)
  to   space 31232K, 0% used [0x00000000eec00000,0x00000000eec00000,0x00000000f0a80000)
 ParOldGen       total 91136K, used 41944K [0x00000000a0000000, 0x00000000a5900000, 0x00000000e0000000)
  object space 91136K, 46% used [0x00000000a0000000,0x00000000a28f63c0,0x00000000a5900000)
 Metaspace       used 65815K, capacity 68162K, committed 68504K, reserved 1110016K
  class space    used 8318K, capacity 8788K, committed 8880K, reserved 1048576K
Event: 349,094 GC heap after
Heap after GC invocations=21 (full 3):
 PSYoungGen      total 230400K, used 31219K [0x00000000e0000000, 0x00000000f3900000, 0x0000000100000000)
  eden space 199168K, 0% used [0x00000000e0000000,0x00000000e0000000,0x00000000ec280000)
  from space 31232K, 99% used [0x00000000eec00000,0x00000000f0a7cc98,0x00000000f0a80000)
  to   space 42496K, 0% used [0x00000000ec280000,0x00000000ec280000,0x00000000eec00000)
 ParOldGen       total 91136K, used 59100K [0x00000000a0000000, 0x00000000a5900000, 0x00000000e0000000)
  object space 91136K, 64% used [0x00000000a0000000,0x00000000a39b70e8,0x00000000a5900000)
 Metaspace       used 65815K, capacity 68162K, committed 68504K, reserved 1110016K
  class space    used 8318K, capacity 8788K, committed 8880K, reserved 1048576K
}
Event: 889,646 GC heap before
{Heap before GC invocations=22 (full 3):
 PSYoungGen      total 230400K, used 230387K [0x00000000e0000000, 0x00000000f3900000, 0x0000000100000000)
  eden space 199168K, 100% used [0x00000000e0000000,0x00000000ec280000,0x00000000ec280000)
  from space 31232K, 99% used [0x00000000eec00000,0x00000000f0a7cc98,0x00000000f0a80000)
  to   space 42496K, 0% used [0x00000000ec280000,0x00000000ec280000,0x00000000eec00000)
 ParOldGen       total 91136K, used 59100K [0x00000000a0000000, 0x00000000a5900000, 0x00000000e0000000)
  object space 91136K, 64% used [0x00000000a0000000,0x00000000a39b70e8,0x00000000a5900000)
 Metaspace       used 67559K, capacity 70108K, committed 70168K, reserved 1110016K
  class space    used 8522K, capacity 8977K, committed 9008K, reserved 1048576K
Event: 889,760 GC heap after
Heap after GC invocations=22 (full 3):
 PSYoungGen      total 241664K, used 32800K [0x00000000e0000000, 0x00000000f4480000, 0x0000000100000000)
  eden space 199168K, 0% used [0x00000000e0000000,0x00000000e0000000,0x00000000ec280000)
  from space 42496K, 77% used [0x00000000ec280000,0x00000000ee2880c8,0x00000000eec00000)
  to   space 46080K, 0% used [0x00000000f1780000,0x00000000f1780000,0x00000000f4480000)
 ParOldGen       total 91136K, used 61867K [0x00000000a0000000, 0x00000000a5900000, 0x00000000e0000000)
  object space 91136K, 67% used [0x00000000a0000000,0x00000000a3c6afc8,0x00000000a5900000)
 Metaspace       used 67559K, capacity 70108K, committed 70168K, reserved 1110016K
  class space    used 8522K, capacity 8977K, committed 9008K, reserved 1048576K
}
Event: 922,970 GC heap before
{Heap before GC invocations=23 (full 3):
 PSYoungGen      total 241664K, used 231968K [0x00000000e0000000, 0x00000000f4480000, 0x0000000100000000)
  eden space 199168K, 100% used [0x00000000e0000000,0x00000000ec280000,0x00000000ec280000)
  from space 42496K, 77% used [0x00000000ec280000,0x00000000ee2880c8,0x00000000eec00000)
  to   space 46080K, 0% used [0x00000000f1780000,0x00000000f1780000,0x00000000f4480000)
 ParOldGen       total 91136K, used 61867K [0x00000000a0000000, 0x00000000a5900000, 0x00000000e0000000)
  object space 91136K, 67% used [0x00000000a0000000,0x00000000a3c6afc8,0x00000000a5900000)
 Metaspace       used 68010K, capacity 70554K, committed 70680K, reserved 1112064K
  class space    used 8535K, capacity 8986K, committed 9008K, reserved 1048576K
Event: 923,119 GC heap after
Heap after GC invocations=23 (full 3):
 PSYoungGen      total 281600K, used 34735K [0x00000000e0000000, 0x00000000f4600000, 0x0000000100000000)
  eden space 235520K, 0% used [0x00000000e0000000,0x00000000e0000000,0x00000000ee600000)
  from space 46080K, 75% used [0x00000000f1780000,0x00000000f396bfa0,0x00000000f4480000)
  to   space 49152K, 0% used [0x00000000ee600000,0x00000000ee600000,0x00000000f1600000)
 ParOldGen       total 91136K, used 62031K [0x00000000a0000000, 0x00000000a5900000, 0x00000000e0000000)
  object space 91136K, 68% used [0x00000000a0000000,0x00000000a3c93fd8,0x00000000a5900000)
 Metaspace       used 68010K, capacity 70554K, committed 70680K, reserved 1112064K
  class space    used 8535K, capacity 8986K, committed 9008K, reserved 1048576K
}
Event: 930,350 GC heap before
{Heap before GC invocations=24 (full 3):
 PSYoungGen      total 281600K, used 270255K [0x00000000e0000000, 0x00000000f4600000, 0x0000000100000000)
  eden space 235520K, 100% used [0x00000000e0000000,0x00000000ee600000,0x00000000ee600000)
  from space 46080K, 75% used [0x00000000f1780000,0x00000000f396bfa0,0x00000000f4480000)
  to   space 49152K, 0% used [0x00000000ee600000,0x00000000ee600000,0x00000000f1600000)
 ParOldGen       total 91136K, used 62031K [0x00000000a0000000, 0x00000000a5900000, 0x00000000e0000000)
  object space 91136K, 68% used [0x00000000a0000000,0x00000000a3c93fd8,0x00000000a5900000)
 Metaspace       used 68172K, capacity 70702K, committed 70936K, reserved 1112064K
  class space    used 8537K, capacity 8990K, committed 9008K, reserved 1048576K

Deoptimization events (10 events):
Event: 925,750 Thread 0x00007f840c079000 Uncommon trap: reason=unstable_if action=reinterpret pc=0x00007f844d91c3d0 method=org.objectweb.asm.ByteVector.putShort(I)Lorg/objectweb/asm/ByteVector; @ 13
Event: 929,053 Thread 0x00007f8414068000 Uncommon trap: reason=class_check action=maybe_recompile pc=0x00007f844f45fcbc method=com.android.dx.ssa.SsaMethod.isRegALocal(Lcom/android/dx/rop/code/RegisterSpec;)Z @ 16
Event: 929,053 Thread 0x00007f8414068000 Uncommon trap: reason=class_check action=maybe_recompile pc=0x00007f844f45fcbc method=com.android.dx.ssa.SsaMethod.isRegALocal(Lcom/android/dx/rop/code/RegisterSpec;)Z @ 16
Event: 929,053 Thread 0x00007f8414068000 Uncommon trap: reason=class_check action=maybe_recompile pc=0x00007f844f45fcbc method=com.android.dx.ssa.SsaMethod.isRegALocal(Lcom/android/dx/rop/code/RegisterSpec;)Z @ 16
Event: 929,053 Thread 0x00007f8414068000 Uncommon trap: reason=class_check action=maybe_recompile pc=0x00007f844f45fcbc method=com.android.dx.ssa.SsaMethod.isRegALocal(Lcom/android/dx/rop/code/RegisterSpec;)Z @ 16
Event: 929,075 Thread 0x00007f8414027800 Uncommon trap: reason=unstable_if action=reinterpret pc=0x00007f844f39b218 method=com.android.dx.rop.code.InsnList.contentEquals(Lcom/android/dx/rop/code/InsnList;)Z @ 25
Event: 929,144 Thread 0x00007f8414068000 Uncommon trap: reason=unstable_if action=reinterpret pc=0x00007f844f41f570 method=java.util.concurrent.ConcurrentHashMap.addCount(JI)V @ 97
Event: 929,151 Thread 0x00007f8414068000 Uncommon trap: reason=unstable_if action=reinterpret pc=0x00007f844f469fd8 method=com.android.dx.ssa.SsaRenamer$BlockRenamer.addMapping(ILcom/android/dx/rop/code/RegisterSpec;)V @ 120
Event: 929,225 Thread 0x00007f8414068000 Uncommon trap: reason=unstable_if action=reinterpret pc=0x00007f844f479e24 method=com.android.dx.dex.code.RopToDop.dopFor(Lcom/android/dx/rop/code/Insn;)Lcom/android/dx/dex/code/Dop; @ 747
Event: 929,265 Thread 0x00007f8414027000 Uncommon trap: reason=unstable_if action=reinterpret pc=0x00007f844f317bf8 method=com.android.dx.cf.code.Ropper.labelToResultIndex(I)I @ 34

Internal exceptions (10 events):
Event: 328,470 Thread 0x00007f840c009800 Exception <a 'java/lang/NoSuchMethodError': java.lang.Object.lambda$asRunnable$0(Lcom/android/apkzlib/utils/IOExceptionRunnable;)V> (0x00000000e047bde8) thrown at [/ssd/Android/AOSP-openjdk/external/jetbrains/jdk/hotspot/src/share/vm/interpreter/linkResol
Event: 332,465 Thread 0x00007f843c044800 Exception <a 'java/lang/NoSuchMethodError': <clinit>> (0x00000000e43ccaf0) thrown at [/ssd/Android/AOSP-openjdk/external/jetbrains/jdk/hotspot/src/share/vm/prims/jni.cpp, line 1613]
Event: 358,727 Thread 0x00007f840c009800 Exception <a 'sun/nio/fs/UnixException'> (0x00000000ea7db5b8) thrown at [/ssd/Android/AOSP-openjdk/external/jetbrains/jdk/hotspot/src/share/vm/prims/jni.cpp, line 709]
Event: 358,979 Thread 0x00007f841403b800 Exception <a 'java/lang/NoSuchMethodError': <clinit>> (0x00000000eaa548a0) thrown at [/ssd/Android/AOSP-openjdk/external/jetbrains/jdk/hotspot/src/share/vm/prims/jni.cpp, line 1613]
Event: 358,979 Thread 0x00007f841403b800 Exception <a 'java/lang/NoSuchMethodError': <clinit>> (0x00000000eaa55bd0) thrown at [/ssd/Android/AOSP-openjdk/external/jetbrains/jdk/hotspot/src/share/vm/prims/jni.cpp, line 1613]
Event: 358,980 Thread 0x00007f841403b800 Exception <a 'java/lang/NoSuchMethodError': <clinit>> (0x00000000eaa5fd90) thrown at [/ssd/Android/AOSP-openjdk/external/jetbrains/jdk/hotspot/src/share/vm/prims/jni.cpp, line 1613]
Event: 358,980 Thread 0x00007f841403b800 Exception <a 'java/lang/NoSuchMethodError': <clinit>> (0x00000000eaa69790) thrown at [/ssd/Android/AOSP-openjdk/external/jetbrains/jdk/hotspot/src/share/vm/prims/jni.cpp, line 1613]
Event: 888,582 Thread 0x00007f840c079000 Exception <a 'java/lang/ClassNotFoundException': asLocalRepo228_7psv55ctjvuglujtb48jekcy0BeanInfo> (0x00000000eb1ed000) thrown at [/ssd/Android/AOSP-openjdk/external/jetbrains/jdk/hotspot/src/share/vm/classfile/systemDictionary.cpp, line 210]
Event: 888,582 Thread 0x00007f840c079000 Exception <a 'java/lang/ClassNotFoundException': asLocalRepo228_7psv55ctjvuglujtb48jekcy0Customizer> (0x00000000eb1f81f0) thrown at [/ssd/Android/AOSP-openjdk/external/jetbrains/jdk/hotspot/src/share/vm/classfile/systemDictionary.cpp, line 210]
Event: 910,289 Thread 0x00007f840c079000 Implicit null exception at 0x00007f844df57417 to 0x00007f844df5750b

Events (10 events):
Event: 930,320 Thread 0x00007f8414027800 DEOPT UNPACKING pc=0x00007f844d046f73 sp=0x00007f8409da2c58 mode 0
Event: 930,321 Thread 0x00007f8414027800 DEOPT PACKING pc=0x00007f844f1592c8 sp=0x00007f8409da2ed0
Event: 930,321 Thread 0x00007f8414027800 DEOPT UNPACKING pc=0x00007f844d046f73 sp=0x00007f8409da2c58 mode 0
Event: 930,321 Thread 0x00007f8414027800 DEOPT PACKING pc=0x00007f844f1592c8 sp=0x00007f8409da2ed0
Event: 930,321 Thread 0x00007f8414027800 DEOPT UNPACKING pc=0x00007f844d046f73 sp=0x00007f8409da2c58 mode 0
Event: 930,322 Thread 0x00007f8414027800 DEOPT PACKING pc=0x00007f844f1592c8 sp=0x00007f8409da2ed0
Event: 930,322 Thread 0x00007f8414027800 DEOPT UNPACKING pc=0x00007f844d046f73 sp=0x00007f8409da2c58 mode 0
Event: 930,337 Thread 0x00007f845c0b7800 flushing nmethod 0x00007f844d60a0d0
Event: 930,338 Thread 0x00007f845c0b7800 flushing nmethod 0x00007f844d63bf10
Event: 930,350 Executing VM operation: ParallelGCFailedAllocation


Dynamic libraries:
00400000-00401000 r-xp 00000000 08:01 2625135                            /opt/android-studio/jre/bin/java
00600000-00601000 r--p 00000000 08:01 2625135                            /opt/android-studio/jre/bin/java
00601000-00602000 rw-p 00001000 08:01 2625135                            /opt/android-studio/jre/bin/java
02004000-02025000 rw-p 00000000 00:00 0                                  [heap]
a0000000-a5900000 rw-p 00000000 00:00 0 
a5900000-e0000000 ---p 00000000 00:00 0 
e0000000-f4600000 rw-p 00000000 00:00 0 
fa680000-100000000 ---p 00000000 00:00 0 
100000000-1008cc000 rw-p 00000000 00:00 0 
1008cc000-140000000 ---p 00000000 00:00 0 
7f8404000000-7f840508b000 rw-p 00000000 00:00 0 
7f840508b000-7f8408000000 ---p 00000000 00:00 0 
7f8409ca4000-7f8409ca7000 ---p 00000000 00:00 0 
7f8409ca7000-7f8409e25000 rw-p 00000000 00:00 0 
7f8409e25000-7f8409fa5000 ---p 00000000 00:00 0 
7f8409fa5000-7f8409fdb000 r-xp 00000000 08:01 2625218                    /opt/android-studio/jre/jre/lib/amd64/libsunec.so
7f8409fdb000-7f840a1da000 ---p 00036000 08:01 2625218                    /opt/android-studio/jre/jre/lib/amd64/libsunec.so
7f840a1da000-7f840a1df000 r--p 00035000 08:01 2625218                    /opt/android-studio/jre/jre/lib/amd64/libsunec.so
7f840a1df000-7f840a1e1000 rw-p 0003a000 08:01 2625218                    /opt/android-studio/jre/jre/lib/amd64/libsunec.so
7f840a1e1000-7f840a1f2000 rw-p 00000000 00:00 0 
7f840a1f2000-7f840a1f5000 ---p 00000000 00:00 0 
7f840a1f5000-7f840a4f3000 rw-p 00000000 00:00 0 
7f840a4f3000-7f840a4f6000 ---p 00000000 00:00 0 
7f840a4f6000-7f840a5f4000 rw-p 00000000 00:00 0 
7f840a5f4000-7f840a5f7000 ---p 00000000 00:00 0 
7f840a5f7000-7f840a6f5000 rw-p 00000000 00:00 0 
7f840a6f5000-7f840a6f8000 ---p 00000000 00:00 0 
7f840a6f8000-7f840a7f6000 rw-p 00000000 00:00 0 
7f840a7f6000-7f840a7f9000 ---p 00000000 00:00 0 
7f840a7f9000-7f840a8f7000 rw-p 00000000 00:00 0 
7f840a8f7000-7f840a8fa000 ---p 00000000 00:00 0 
7f840a8fa000-7f840a9f8000 rw-p 00000000 00:00 0 
7f840a9f8000-7f840a9fb000 ---p 00000000 00:00 0 
7f840a9fb000-7f840aaf9000 rw-p 00000000 00:00 0 
7f840aaf9000-7f840aafc000 ---p 00000000 00:00 0 
7f840aafc000-7f840adfa000 rw-p 00000000 00:00 0 
7f840adfa000-7f840affa000 rw-p 00000000 00:00 0 
7f840affa000-7f840b1fa000 rw-p 00000000 00:00 0 
7f840b1fa000-7f840b1fd000 ---p 00000000 00:00 0 
7f840b1fd000-7f840b2fb000 rw-p 00000000 00:00 0 
7f840b2fb000-7f840b2fe000 ---p 00000000 00:00 0 
7f840b2fe000-7f840b5fc000 rw-p 00000000 00:00 0 
7f840b5fc000-7f840b7f6000 rw-p 00000000 00:00 0 
7f840b7f6000-7f840b7fc000 ---p 00000000 00:00 0 
7f840b7fc000-7f840b9fc000 rw-p 00000000 00:00 0 
7f840b9fc000-7f840b9ff000 ---p 00000000 00:00 0 
7f840b9ff000-7f840bafd000 rw-p 00000000 00:00 0 
7f840bafd000-7f840bb00000 ---p 00000000 00:00 0 
7f840bb00000-7f840bbfe000 rw-p 00000000 00:00 0 
7f840bbfe000-7f840bc01000 ---p 00000000 00:00 0 
7f840bc01000-7f840bcff000 rw-p 00000000 00:00 0 
7f840bcff000-7f840bd02000 ---p 00000000 00:00 0 
7f840bd02000-7f840c000000 rw-p 00000000 00:00 0 
7f840c000000-7f840c0cc000 rw-p 00000000 00:00 0 
7f840c0cc000-7f8410000000 ---p 00000000 00:00 0 
7f8410000000-7f84100e9000 rw-p 00000000 00:00 0 
7f84100e9000-7f8414000000 ---p 00000000 00:00 0 
7f8414000000-7f841411f000 rw-p 00000000 00:00 0 
7f841411f000-7f8418000000 ---p 00000000 00:00 0 
7f8418000000-7f8418100000 rw-p 00000000 00:00 0 
7f8418100000-7f841c000000 ---p 00000000 00:00 0 
7f841c059000-7f841c05e000 r--s 0003b000 08:01 2625181                    /opt/android-studio/jre/jre/lib/ext/sunjce_provider.jar
7f841c05e000-7f841c05f000 r--s 00008000 08:01 2625185                    /opt/android-studio/jre/jre/lib/ext/sunec.jar
7f841c05f000-7f841c062000 r--s 00015000 08:01 2625252                    /opt/android-studio/jre/jre/lib/jce.jar
7f841c062000-7f841c065000 ---p 00000000 00:00 0 
7f841c065000-7f841c09b000 rw-p 00000000 00:00 0 
7f841c09b000-7f841c09e000 ---p 00000000 00:00 0 
7f841c09e000-7f841c39c000 rw-p 00000000 00:00 0 
7f841c39c000-7f841c39f000 ---p 00000000 00:00 0 
7f841c39f000-7f841c69d000 rw-p 00000000 00:00 0 
7f841c69d000-7f841c89d000 rw-p 00000000 00:00 0 
7f841c89d000-7f841ca9d000 rw-p 00000000 00:00 0 
7f841ca9d000-7f841cc9d000 rw-p 00000000 00:00 0 
7f841cc9d000-7f841ccb0000 r--s 00344000 08:01 2625158                    /opt/android-studio/jre/jre/lib/resources.jar
7f841ccb0000-7f841ceb0000 rw-p 00000000 00:00 0 
7f841ceb0000-7f841d0b0000 rw-p 00000000 00:00 0 
7f841d0b0000-7f841d2b0000 rw-p 00000000 00:00 0 
7f841d2b0000-7f841d4b0000 rw-p 00000000 00:00 0 
7f841d4b0000-7f841d4b1000 r--s 00001000 00:33 2757353                    /home/wesley/.gradle/caches/jars-2/cmhx5eetujk7j30d3nllwxyrlnugzjw/annotations-25.3.3.jar
7f841d4b1000-7f841d4b9000 r--s 000a8000 00:33 2757351                    /home/wesley/.gradle/caches/jars-2/lp0h431tl0554nh1vx6zomcvteflkp/lombok-ast-0.2.3.jar
7f841d4b9000-7f841d4cd000 r--s 000b4000 00:33 2757349                    /home/wesley/.gradle/caches/jars-2/hgvw6szzawm3evod5l2d6iutfug31w0/uast-162.2228.14.jar
7f841d4cd000-7f841d4cf000 r--s 0000d000 00:33 2757347                    /home/wesley/.gradle/caches/jars-2/7pwz1bowgakb1eux9ezb56jlturgsyi/commons-codec-1.4.jar
7f841d4cf000-7f841d4d1000 r--s 0000d000 00:33 2757345                    /home/wesley/.gradle/caches/jars-2/9dj1m0eyooi5qt13735vz8fpkl3cnfy/commons-logging-1.1.1.jar
7f841d4d1000-7f841d4d6000 r--s 00028000 00:33 2625734                    /home/wesley/.gradle/caches/jars-2/62lv0fe9b3xbqe57f6ljy5upwi7mf6k/httpcore-4.1.jar
7f841d4d6000-7f841d4da000 r--s 0002f000 00:33 2625732                    /home/wesley/.gradle/caches/jars-2/gsg5n52frsvw6sx0swqqe2hwijwdcf0/jimfs-1.1.jar
7f841d4da000-7f841d4db000 r--s 00004000 00:33 2625730                    /home/wesley/.gradle/caches/jars-2/lxs252id0979odjrerlctkb26c2vj95/annotations-12.0.jar
7f841d4db000-7f841d4dc000 r--s 00004000 00:33 2625728                    /home/wesley/.gradle/caches/jars-2/9kn99dr0rulyl67sct1ephwcop56l61/asm-analysis-5.0.4.jar
7f841d4dc000-7f841d4e0000 r--s 00040000 00:33 2625726                    /home/wesley/.gradle/caches/jars-2/ccvn7yglm4blceovs70fngoac1eyn4f/lint-api-25.3.3.jar
7f841d4e0000-7f841d4e1000 r--s 0000a000 00:33 2625724                    /home/wesley/.gradle/caches/jars-2/nwyg9io65lv6jvmwit2wq82xnnxd7ia/kxml2-2.3.0.jar
7f841d4e1000-7f841d4e3000 r--s 00005000 00:33 2625722                    /home/wesley/.gradle/caches/jars-2/i6hc1uuj8e9ck59slmzdyz78ydn8sr6/httpmime-4.1.jar
7f841d4e3000-7f841d4eb000 r--s 0004e000 00:33 2625720                    /home/wesley/.gradle/caches/jars-2/7503wa5irssz0xxahv1xb82p2dl7rr2/httpclient-4.1.1.jar
7f841d4eb000-7f841d4f2000 r--s 00053000 00:33 2625718                    /home/wesley/.gradle/caches/jars-2/jgkfvs4eqggj7qsyw1f5d3up57hanj1/commons-compress-1.8.1.jar
7f841d4f2000-7f841d4f7000 r--s 0002a000 00:33 2625716                    /home/wesley/.gradle/caches/jars-2/je8f027qcr1z1egw08byp1ybxbp9kko/gson-2.2.4.jar
7f841d4f7000-7f841d4fc000 r--s 0002e000 00:33 2625714                    /home/wesley/.gradle/caches/jars-2/s427p2wh0tfza0xa8qijgx107eeevyl/repository-25.3.3.jar
7f841d4fc000-7f841d4fe000 r--s 00006000 00:33 2625712                    /home/wesley/.gradle/caches/jars-2/e2s952s6co8tps89l80r4riixwqo2oe/dvlib-25.3.3.jar
7f841d4fe000-7f841d500000 r--s 00013000 00:33 2625710                    /home/wesley/.gradle/caches/jars-2/s02k517nvrh8cbp2c8dz4slqska6dj9/layoutlib-api-25.3.3.jar
7f841d500000-7f841d505000 r--s 00058000 00:33 2625708                    /home/wesley/.gradle/caches/jars-2/st159835qgxm0l87oqrnhayxos4lc1n/asm-debug-all-5.0.1.jar
7f841d505000-7f841d515000 r--s 000d5000 00:33 2625706                    /home/wesley/.gradle/caches/jars-2/qzf32gp9kej4w4hlbabft6tplu74cj3/proguard-base-5.3.2.jar
7f841d515000-7f841d518000 r--s 00033000 00:33 2625704                    /home/wesley/.gradle/caches/jars-2/nz9sndmr8b4xbj4xulkaciy5kdbyfiz/juniversalchardet-1.0.3.jar
7f841d518000-7f841d51c000 r--s 0002a000 00:33 2495015                    /home/wesley/.gradle/caches/jars-2/krbpn9xjn1qymukyx8cc5l799ty1v3h/commons-io-2.4.jar
7f841d51c000-7f841d533000 r--s 00154000 00:33 2495013                    /home/wesley/.gradle/caches/jars-2/sfeivjswzitn6n0fnjx3ueszz8gv8o1/antlr4-4.5.3.jar
7f841d533000-7f841d535000 r--s 00002000 00:33 2495011                    /home/wesley/.gradle/caches/jars-2/rh2ip1x2zziz26tr3qzudtz088pqsb2/baseLibrary-2.3.3.jar
7f841d535000-7f841d560000 r--s 001fc000 00:33 2495009                    /home/wesley/.gradle/caches/jars-2/nxjrjftly2xksl8o0wqgivu5netfu2x/guava-18.0.jar
7f841d560000-7f841d573000 r--s 00241000 00:33 2495007                    /home/wesley/.gradle/caches/jars-2/9yuekvg4qerfitq3xec0iyckuw3hwaq/ecj-4.6.1.jar
7f841d573000-7f841d57a000 r--s 000d9000 00:33 2495005                    /home/wesley/.gradle/caches/jars-2/ak89aa8liqmr44u7r08njntn6oehe0z/lint-checks-25.3.3.jar
7f841d57a000-7f841d57c000 r--s 00006000 00:33 2495003                    /home/wesley/.gradle/caches/jars-2/6phgj9ki3jl3p5epzkqoo8pr6kur40b/asm-tree-5.0.4.jar
7f841d57c000-7f841d5af000 r--s 00203000 00:33 2495001                    /home/wesley/.gradle/caches/jars-2/hj0bfvxu9cq7hkwmecvp0kg137or3hh/bcprov-jdk15on-1.48.jar
7f841d5af000-7f841d5bd000 r--s 00081000 00:33 2494999                    /home/wesley/.gradle/caches/jars-2/4r7xli0tz94y0wfjrdyjxlxar3g1pb9/bcpkix-jdk15on-1.48.jar
7f841d5bd000-7f841d5bf000 r--s 00002000 00:33 2494997                    /home/wesley/.gradle/caches/jars-2/f32bh5uivuf69ecz2j8hl96ksnqdh7v/javawriter-2.5.0.jar
7f841d5bf000-7f841d5c1000 r--s 00004000 00:33 2494995                    /home/wesley/.gradle/caches/jars-2/j6s1upogkwo00sygdsekzj4fx0i75uy/tracker-25.3.3.jar
7f841d5c1000-7f841d5c2000 r--s 00005000 00:33 2494993                    /home/wesley/.gradle/caches/jars-2/4svya0t1s9wyo35ycd3atidsaoo6w7e/shared-25.3.3.jar
7f841d5c2000-7f841d5d0000 r--s 00147000 00:33 2494991                    /home/wesley/.gradle/caches/jars-2/qx6695c5ocd9swxv7wqtxor3plyb4b7/protos-25.3.3.jar
7f841d5d0000-7f841d5d1000 r--s 00001000 00:33 2494989                    /home/wesley/.gradle/caches/jars-2/bqo69msswbvaagsh45hf1tq02v21sml/jill-api-0.10.0.jar
7f841d5d1000-7f841d5d3000 r--s 00003000 00:33 2494987                    /home/wesley/.gradle/caches/jars-2/7pldadygbci34ql8thws797g29k1uhh/jack-api-0.13.0.jar
7f841d5d3000-7f841d5d9000 r--s 0004a000 00:33 2494985                    /home/wesley/.gradle/caches/jars-2/euoqfzf5y1sibp9ul8mcz0wovj380eo/ddmlib-25.3.3.jar
7f841d5d9000-7f841d5dc000 r--s 00022000 00:33 2372544                    /home/wesley/.gradle/caches/jars-2/a81bg2yxzmumashablwecaj0ksz6tmj/manifest-merger-25.3.3.jar
7f841d5dc000-7f841d5df000 r--s 0001c000 00:33 2372542                    /home/wesley/.gradle/caches/jars-2/l6cnyee1vojrkkbpp6qwgpf30shmrja/common-25.3.3.jar
7f841d5df000-7f841d5e8000 r--s 00089000 00:33 2372540                    /home/wesley/.gradle/caches/jars-2/m0t6h8af70sdgxvkj522jy01i14mnb8/sdk-common-25.3.3.jar
7f841d5e8000-7f841d5f2000 r--s 00098000 00:33 2372538                    /home/wesley/.gradle/caches/jars-2/28c9ykhc782k8jmlrnbnccai34hziki/sdklib-25.3.3.jar
7f841d5f2000-7f841d5f3000 r--s 00002000 00:33 2372536                    /home/wesley/.gradle/caches/jars-2/4dod7a1p5hoai4v37pxbcg65bbahvg2/builder-test-api-2.3.3.jar
7f841d5f3000-7f841d5f6000 r--s 00006000 00:33 2372534                    /home/wesley/.gradle/caches/jars-2/omk02asobup8sgd6qxom3ej5bg94z2r/builder-model-2.3.3.jar
7f841d5f6000-7f841d605000 r--s 00130000 00:33 2372532                    /home/wesley/.gradle/caches/jars-2/cr6zkqpx14lor9zdtmo49qpc7y8r8p4/protobuf-java-3.0.0.jar
7f841d605000-7f841d607000 r--s 0000f000 00:33 2372530                    /home/wesley/.gradle/caches/jars-2/rvfyugrlu5tbpz51p98og0qsxamjq4k/jopt-simple-4.9.jar
7f841d607000-7f841d60b000 r--s 0001f000 00:33 2372528                    /home/wesley/.gradle/caches/jars-2/nq3fzqkrrm37ob61z4iu5qdbh368uat/org.jacoco.report-0.7.5.201505241946.jar
7f841d60b000-7f841d60f000 r--s 0001d000 00:33 2372526                    /home/wesley/.gradle/caches/jars-2/3kxkmcckmk40ron92zhbm0qjo9l4bkl/org.jacoco.core-0.7.5.201505241946.jar
7f841d60f000-7f841d611000 r--s 00002000 00:33 2372524                    /home/wesley/.gradle/caches/jars-2/m4m0pzb4gmaeh0in5g2xc4bxeuwt828/proguard-gradle-5.3.2.jar
7f841d611000-7f841d613000 r--s 00009000 00:33 2372522                    /home/wesley/.gradle/caches/jars-2/ajvcvdu66lc9e3tvvipxtuq48i9bbkc/asm-commons-5.0.4.jar
7f841d613000-7f841d615000 r--s 0000c000 00:33 2372520                    /home/wesley/.gradle/caches/jars-2/1laz1ygmxoc408r7nwqs1q8uk8r236d/asm-5.0.4.jar
7f841d615000-7f841d61a000 r--s 0002c000 00:33 2372518                    /home/wesley/.gradle/caches/jars-2/3mlasgi8oo9o7oa12526198jui9zmp2/compilerCommon-2.3.3.jar
7f841d61a000-7f841d61b000 r--s 00002000 00:33 2372516                    /home/wesley/.gradle/caches/jars-2/73l309uzm0ila7rdaaxteq0ng4ayf2y/gradle-api-2.3.3.jar
7f841d61b000-7f841d61c000 r--s 00000000 00:33 2372514                    /home/wesley/.gradle/caches/jars-2/tlyajppf8woug00g686fx5mchf8iv3o/transform-api-2.0.0-deprecated-use-gradle-api.jar
7f841d61c000-7f841d621000 r--s 0005e000 00:33 2233963                    /home/wesley/.gradle/caches/jars-2/k2xtosjt0in0zj7mpwvctw6iznt93uh/lint-25.3.3.jar
7f841d621000-7f841d637000 r--s 00163000 00:33 2233961                    /home/wesley/.gradle/caches/jars-2/nyg71b5n2lzymmwh5vbtmvjiby07k4g/builder-2.3.3.jar
7f841d637000-7f841d656000 r--s 001ca000 00:33 2233959                    /home/wesley/.gradle/caches/jars-2/5fwyvjq1ai8mdh1mluqxidj1wo7rls8/gradle-core-2.3.3.jar
7f841d656000-7f841d658000 r--s 0000d000 00:33 1972939                    /home/wesley/.gradle/caches/jars-2/mel54vauze7hczg2p6nebauqz8s53sj/gradle-2.3.3.jar
7f841d658000-7f841d858000 rw-p 00000000 00:00 0 
7f841d858000-7f841da58000 rw-p 00000000 00:00 0 
7f841da58000-7f841da5b000 ---p 00000000 00:00 0 
7f841da5b000-7f841db59000 rw-p 00000000 00:00 0 
7f841db59000-7f841db5c000 ---p 00000000 00:00 0 
7f841db5c000-7f841db92000 rw-p 00000000 00:00 0 
7f841db92000-7f841db93000 r--p 00000000 00:00 0 
7f841db93000-7f841dd93000 rw-p 00000000 00:00 0 
7f841dd93000-7f841df93000 rw-p 00000000 00:00 0 
7f841df93000-7f841e193000 rw-p 00000000 00:00 0 
7f841e193000-7f841e393000 rw-p 00000000 00:00 0 
7f841e393000-7f841e40c000 r--s 010ed000 08:01 2625100                    /opt/android-studio/jre/lib/tools.jar
7f841e40c000-7f841e60c000 rw-p 00000000 00:00 0 
7f841e60c000-7f841e60f000 ---p 00000000 00:00 0 
7f841e60f000-7f841e70d000 rw-p 00000000 00:00 0 
7f841e70d000-7f841e710000 ---p 00000000 00:00 0 
7f841e710000-7f841e80e000 rw-p 00000000 00:00 0 
7f841e80e000-7f841e811000 ---p 00000000 00:00 0 
7f841e811000-7f841e90f000 rw-p 00000000 00:00 0 
7f841e90f000-7f841e912000 ---p 00000000 00:00 0 
7f841e912000-7f841ea10000 rw-p 00000000 00:00 0 
7f841ea10000-7f841ea13000 ---p 00000000 00:00 0 
7f841ea13000-7f841ed11000 rw-p 00000000 00:00 0 
7f841ed11000-7f841ed14000 ---p 00000000 00:00 0 
7f841ed14000-7f841ee12000 rw-p 00000000 00:00 0 
7f841ee12000-7f841ee15000 ---p 00000000 00:00 0 
7f841ee15000-7f841ef13000 rw-p 00000000 00:00 0 
7f841ef13000-7f841ef1a000 r--s 00000000 08:01 1973133                    /usr/lib/x86_64-linux-gnu/gconv/gconv-modules.cache
7f841ef1a000-7f841f11a000 rw-p 00000000 00:00 0 
7f841f11a000-7f841f11d000 ---p 00000000 00:00 0 
7f841f11d000-7f841f21b000 rw-p 00000000 00:00 0 
7f841f21b000-7f841f224000 r-xp 00000000 08:01 2625236                    /opt/android-studio/jre/jre/lib/amd64/libmanagement.so
7f841f224000-7f841f423000 ---p 00009000 08:01 2625236                    /opt/android-studio/jre/jre/lib/amd64/libmanagement.so
7f841f423000-7f841f424000 r--p 00008000 08:01 2625236                    /opt/android-studio/jre/jre/lib/amd64/libmanagement.so
7f841f424000-7f841f425000 rw-p 00009000 08:01 2625236                    /opt/android-studio/jre/jre/lib/amd64/libmanagement.so
7f841f425000-7f841f42a000 r--s 00098000 08:01 2625210                    /opt/android-studio/jre/jre/lib/jsse.jar
7f841f42a000-7f841f42c000 r--s 00007000 00:33 1578487                    /home/wesley/.gradle/wrapper/dists/gradle-3.3-all/55gk2rcmfc6p2dg9u9ohc3hw9/gradle-3.3/lib/plugins/gradle-tooling-api-builders-3.3.jar
7f841f42c000-7f841f42f000 r--s 00009000 00:33 1578480                    /home/wesley/.gradle/wrapper/dists/gradle-3.3-all/55gk2rcmfc6p2dg9u9ohc3hw9/gradle-3.3/lib/plugins/gradle-testing-native-3.3.jar
7f841f42f000-7f841f435000 r--s 00033000 00:33 1578555                    /home/wesley/.gradle/wrapper/dists/gradle-3.3-all/55gk2rcmfc6p2dg9u9ohc3hw9/gradle-3.3/lib/plugins/snakeyaml-1.6.jar
7f841f435000-7f841f437000 r--s 00006000 00:33 1578554                    /home/wesley/.gradle/wrapper/dists/gradle-3.3-all/55gk2rcmfc6p2dg9u9ohc3hw9/gradle-3.3/lib/plugins/jcommander-1.12.jar
7f841f437000-7f841f43c000 r--s 00040000 00:33 1578553                    /home/wesley/.gradle/wrapper/dists/gradle-3.3-all/55gk2rcmfc6p2dg9u9ohc3hw9/gradle-3.3/lib/plugins/bsh-2.0b4.jar
7f841f43c000-7f841f43e000 r--s 00009000 00:33 1578561                    /home/wesley/.gradle/wrapper/dists/gradle-3.3-all/55gk2rcmfc6p2dg9u9ohc3hw9/gradle-3.3/lib/plugins/hamcrest-core-1.3.jar
7f841f43e000-7f841f447000 r--s 00089000 00:33 1578512                    /home/wesley/.gradle/wrapper/dists/gradle-3.3-all/55gk2rcmfc6p2dg9u9ohc3hw9/gradle-3.3/lib/plugins/testng-6.3.1.jar
7f841f447000-7f841f44f000 r--s 00045000 00:33 1578511                    /home/wesley/.gradle/wrapper/dists/gradle-3.3-all/55gk2rcmfc6p2dg9u9ohc3hw9/gradle-3.3/lib/plugins/junit-4.12.jar
7f841f44f000-7f841f455000 r--s 0002e000 00:33 1578481                    /home/wesley/.gradle/wrapper/dists/gradle-3.3-all/55gk2rcmfc6p2dg9u9ohc3hw9/gradle-3.3/lib/plugins/gradle-testing-jvm-3.3.jar
7f841f455000-7f841f459000 r--s 00016000 00:33 1578479                    /home/wesley/.gradle/wrapper/dists/gradle-3.3-all/55gk2rcmfc6p2dg9u9ohc3hw9/gradle-3.3/lib/plugins/gradle-testing-base-3.3.jar
7f841f459000-7f841f460000 r--s 00038000 00:33 1578506                    /home/wesley/.gradle/wrapper/dists/gradle-3.3-all/55gk2rcmfc6p2dg9u9ohc3hw9/gradle-3.3/lib/plugins/bcpg-jdk15on-1.51.jar
7f841f460000-7f841f462000 r--s 0000c000 00:33 1578458                    /home/wesley/.gradle/wrapper/dists/gradle-3.3-all/55gk2rcmfc6p2dg9u9ohc3hw9/gradle-3.3/lib/plugins/gradle-signing-3.3.jar
7f841f462000-7f841f464000 r--s 00007000 00:33 1578457                    /home/wesley/.gradle/wrapper/dists/gradle-3.3-all/55gk2rcmfc6p2dg9u9ohc3hw9/gradle-3.3/lib/plugins/gradle-scala-3.3.jar
7f841f464000-7f841f465000 r--s 00004000 00:33 1578485                    /home/wesley/.gradle/wrapper/dists/gradle-3.3-all/55gk2rcmfc6p2dg9u9ohc3hw9/gradle-3.3/lib/plugins/gradle-resources-sftp-3.3.jar
7f841f465000-7f841f475000 r--s 00088000 00:33 1578522                    /home/wesley/.gradle/wrapper/dists/gradle-3.3-all/55gk2rcmfc6p2dg9u9ohc3hw9/gradle-3.3/lib/plugins/joda-time-2.8.2.jar
7f841f475000-7f841f486000 r--s 0010d000 00:33 1578521                    /home/wesley/.gradle/wrapper/dists/gradle-3.3-all/55gk2rcmfc6p2dg9u9ohc3hw9/gradle-3.3/lib/plugins/jackson-databind-2.6.6.jar
7f841f486000-7f841f489000 r--s 00009000 00:33 1578520                    /home/wesley/.gradle/wrapper/dists/gradle-3.3-all/55gk2rcmfc6p2dg9u9ohc3hw9/gradle-3.3/lib/plugins/jackson-annotations-2.6.6.jar
7f841f489000-7f841f48d000 r--s 0003c000 00:33 1578519                    /home/wesley/.gradle/wrapper/dists/gradle-3.3-all/55gk2rcmfc6p2dg9u9ohc3hw9/gradle-3.3/lib/plugins/jackson-core-2.6.6.jar
7f841f48d000-7f841f49b000 r--s 00087000 00:33 1578518                    /home/wesley/.gradle/wrapper/dists/gradle-3.3-all/55gk2rcmfc6p2dg9u9ohc3hw9/gradle-3.3/lib/plugins/aws-java-sdk-core-1.11.6.jar
7f841f49b000-7f841f4a2000 r--s 00057000 00:33 1578517                    /home/wesley/.gradle/wrapper/dists/gradle-3.3-all/55gk2rcmfc6p2dg9u9ohc3hw9/gradle-3.3/lib/plugins/aws-java-sdk-kms-1.11.6.jar
7f841f4a2000-7f841f4af000 r--s 0008e000 00:33 1578516                    /home/wesley/.gradle/wrapper/dists/gradle-3.3-all/55gk2rcmfc6p2dg9u9ohc3hw9/gradle-3.3/lib/plugins/aws-java-sdk-s3-1.11.6.jar
7f841f4af000-7f841f4b1000 r--s 00004000 00:33 1578486                    /home/wesley/.gradle/wrapper/dists/gradle-3.3-all/55gk2rcmfc6p2dg9u9ohc3hw9/gradle-3.3/lib/plugins/gradle-resources-s3-3.3.jar
7f841f4b1000-7f841f4b3000 r--s 00005000 00:33 1578510                    /home/wesley/.gradle/wrapper/dists/gradle-3.3-all/55gk2rcmfc6p2dg9u9ohc3hw9/gradle-3.3/lib/plugins/jatl-0.2.2.jar
7f841f4b3000-7f841f4b5000 r--s 0000f000 00:33 1578463                    /home/wesley/.gradle/wrapper/dists/gradle-3.3-all/55gk2rcmfc6p2dg9u9ohc3hw9/gradle-3.3/lib/plugins/gradle-reporting-3.3.jar
7f841f4b5000-7f841f4b7000 r--s 00002000 00:33 1578464                    /home/wesley/.gradle/wrapper/dists/gradle-3.3-all/55gk2rcmfc6p2dg9u9ohc3hw9/gradle-3.3/lib/plugins/gradle-publish-3.3.jar
7f841f4b7000-7f841f4b9000 r--s 00009000 00:33 1578493                    /home/wesley/.gradle/wrapper/dists/gradle-3.3-all/55gk2rcmfc6p2dg9u9ohc3hw9/gradle-3.3/lib/plugins/commons-cli-1.2.jar
7f841f4b9000-7f841f4bf000 r--s 00031000 00:33 1578449                    /home/wesley/.gradle/wrapper/dists/gradle-3.3-all/55gk2rcmfc6p2dg9u9ohc3hw9/gradle-3.3/lib/plugins/gradle-plugins-3.3.jar
7f841f4bf000-7f841f4c1000 r--s 00009000 00:33 1578482                    /home/wesley/.gradle/wrapper/dists/gradle-3.3-all/55gk2rcmfc6p2dg9u9ohc3hw9/gradle-3.3/lib/plugins/gradle-plugin-development-3.3.jar
7f841f4c1000-7f841f4c7000 r--s 0002b000 00:33 1578475                    /home/wesley/.gradle/wrapper/dists/gradle-3.3-all/55gk2rcmfc6p2dg9u9ohc3hw9/gradle-3.3/lib/plugins/gradle-platform-play-3.3.jar
7f841f4c7000-7f841f4d5000 r--s 00055000 00:33 1578474                    /home/wesley/.gradle/wrapper/dists/gradle-3.3-all/55gk2rcmfc6p2dg9u9ohc3hw9/gradle-3.3/lib/plugins/gradle-platform-native-3.3.jar
7f841f4d5000-7f841f4da000 r--s 0001f000 00:33 1578469                    /home/wesley/.gradle/wrapper/dists/gradle-3.3-all/55gk2rcmfc6p2dg9u9ohc3hw9/gradle-3.3/lib/plugins/gradle-platform-jvm-3.3.jar
7f841f4da000-7f841f4e2000 r--s 00027000 00:33 1578468                    /home/wesley/.gradle/wrapper/dists/gradle-3.3-all/55gk2rcmfc6p2dg9u9ohc3hw9/gradle-3.3/lib/plugins/gradle-platform-base-3.3.jar
7f841f4e2000-7f841f50a000 r--s 0021c000 00:33 1578501                    /home/wesley/.gradle/wrapper/dists/gradle-3.3-all/55gk2rcmfc6p2dg9u9ohc3hw9/gradle-3.3/lib/plugins/biz.aQute.bndlib-3.2.0.jar
7f841f50a000-7f841f50c000 r--s 00003000 00:33 1578453                    /home/wesley/.gradle/wrapper/dists/gradle-3.3-all/55gk2rcmfc6p2dg9u9ohc3hw9/gradle-3.3/lib/plugins/gradle-osgi-3.3.jar
7f841f50c000-7f841f50f000 r--s 0000c000 00:33 1578504                    /home/wesley/.gradle/wrapper/dists/gradle-3.3-all/55gk2rcmfc6p2dg9u9ohc3hw9/gradle-3.3/lib/plugins/pmaven-groovy-0.8-20100325.jar
7f841f50f000-7f841f510000 r--s 00004000 00:33 1578503                    /home/wesley/.gradle/wrapper/dists/gradle-3.3-all/55gk2rcmfc6p2dg9u9ohc3hw9/gradle-3.3/lib/plugins/pmaven-common-0.8-20100325.jar
7f841f510000-7f841f516000 r--s 00023000 00:33 1578454                    /home/wesley/.gradle/wrapper/dists/gradle-3.3-all/55gk2rcmfc6p2dg9u9ohc3hw9/gradle-3.3/lib/plugins/gradle-maven-3.3.jar
7f841f516000-7f841f519000 r--s 0000b000 00:33 1578473                    /home/wesley/.gradle/wrapper/dists/gradle-3.3-all/55gk2rcmfc6p2dg9u9ohc3hw9/gradle-3.3/lib/plugins/gradle-language-scala-3.3.jar
7f841f519000-7f841f51f000 r--s 0001a000 00:33 1578477                    /home/wesley/.gradle/wrapper/dists/gradle-3.3-all/55gk2rcmfc6p2dg9u9ohc3hw9/gradle-3.3/lib/plugins/gradle-language-native-3.3.jar
7f841f51f000-7f841f522000 r--s 00005000 00:33 1578470                    /home/wesley/.gradle/wrapper/dists/gradle-3.3-all/55gk2rcmfc6p2dg9u9ohc3hw9/gradle-3.3/lib/plugins/gradle-language-jvm-3.3.jar
7f841f522000-7f841f528000 r--s 00027000 00:33 1578471                    /home/wesley/.gradle/wrapper/dists/gradle-3.3-all/55gk2rcmfc6p2dg9u9ohc3hw9/gradle-3.3/lib/plugins/gradle-language-java-3.3.jar
7f841f528000-7f841f52a000 r--s 0000a000 00:33 1578472                    /home/wesley/.gradle/wrapper/dists/gradle-3.3-all/55gk2rcmfc6p2dg9u9ohc3hw9/gradle-3.3/lib/plugins/gradle-language-groovy-3.3.jar
7f841f52a000-7f841f52d000 r--s 0001e000 00:33 1578528                    /home/wesley/.gradle/wrapper/dists/gradle-3.3-all/55gk2rcmfc6p2dg9u9ohc3hw9/gradle-3.3/lib/plugins/jsp-api-2.1-6.1.14.jar
7f841f52d000-7f841f550000 r--s 00344000 00:33 1578527                    /home/wesley/.gradle/wrapper/dists/gradle-3.3-all/55gk2rcmfc6p2dg9u9ohc3hw9/gradle-3.3/lib/plugins/core-3.1.1.jar
7f841f550000-7f841f551000 r--s 00006000 00:33 1578526                    /home/wesley/.gradle/wrapper/dists/gradle-3.3-all/55gk2rcmfc6p2dg9u9ohc3hw9/gradle-3.3/lib/plugins/jetty-naming-6.1.26.jar
7f841f551000-7f841f552000 r--s 00002000 00:33 1578500                    /home/wesley/.gradle/wrapper/dists/gradle-3.3-all/55gk2rcmfc6p2dg9u9ohc3hw9/gradle-3.3/lib/plugins/geronimo-annotation_1.0_spec-1.0.jar
7f841f552000-7f841f554000 r--s 00002000 00:33 1578499                    /home/wesley/.gradle/wrapper/dists/gradle-3.3-all/55gk2rcmfc6p2dg9u9ohc3hw9/gradle-3.3/lib/plugins/jetty-annotations-6.1.26.jar
7f841f554000-7f841f565000 r--s 000ea000 00:33 1578498                    /home/wesley/.gradle/wrapper/dists/gradle-3.3-all/55gk2rcmfc6p2dg9u9ohc3hw9/gradle-3.3/lib/plugins/jsp-2.1-6.1.14.jar
7f841f565000-7f841f567000 r--s 0000d000 00:33 1578497                    /home/wesley/.gradle/wrapper/dists/gradle-3.3-all/55gk2rcmfc6p2dg9u9ohc3hw9/gradle-3.3/lib/plugins/jetty-plus-6.1.26.jar
7f841f567000-7f841f569000 r--s 0001f000 00:33 1578496                    /home/wesley/.gradle/wrapper/dists/gradle-3.3-all/55gk2rcmfc6p2dg9u9ohc3hw9/gradle-3.3/lib/plugins/servlet-api-2.5-20081211.jar
7f841f569000-7f841f56d000 r--s 00028000 00:33 1578495                    /home/wesley/.gradle/wrapper/dists/gradle-3.3-all/55gk2rcmfc6p2dg9u9ohc3hw9/gradle-3.3/lib/plugins/jetty-util-6.1.26.jar
7f841f56d000-7f841f574000 r--s 0007d000 00:33 1578494                    /home/wesley/.gradle/wrapper/dists/gradle-3.3-all/55gk2rcmfc6p2dg9u9ohc3hw9/gradle-3.3/lib/plugins/jetty-6.1.26.jar
7f841f574000-7f841f576000 r--s 0000a000 00:33 1578451                    /home/wesley/.gradle/wrapper/dists/gradle-3.3-all/55gk2rcmfc6p2dg9u9ohc3hw9/gradle-3.3/lib/plugins/gradle-jetty-3.3.jar
7f841f576000-7f841f57d000 r--s 00035000 00:33 1578509                    /home/wesley/.gradle/wrapper/dists/gradle-3.3-all/55gk2rcmfc6p2dg9u9ohc3hw9/gradle-3.3/lib/plugins/simple-4.1.21.jar
7f841f57d000-7f841f589000 r--s 00100000 00:33 1578507                    /home/wesley/.gradle/wrapper/dists/gradle-3.3-all/55gk2rcmfc6p2dg9u9ohc3hw9/gradle-3.3/lib/plugins/rhino-1.7R3.jar
7f841f589000-7f841f58d000 r--s 00012000 00:33 1578460                    /home/wesley/.gradle/wrapper/dists/gradle-3.3-all/55gk2rcmfc6p2dg9u9ohc3hw9/gradle-3.3/lib/plugins/gradle-javascript-3.3.jar
7f841f58d000-7f841f58f000 r--s 0000d000 00:33 1578466                    /home/wesley/.gradle/wrapper/dists/gradle-3.3-all/55gk2rcmfc6p2dg9u9ohc3hw9/gradle-3.3/lib/plugins/gradle-jacoco-3.3.jar
7f841f58f000-7f841f592000 r--s 0000e000 00:33 1578465                    /home/wesley/.gradle/wrapper/dists/gradle-3.3-all/55gk2rcmfc6p2dg9u9ohc3hw9/gradle-3.3/lib/plugins/gradle-ivy-3.3.jar
7f841f592000-7f841f593000 r--s 00002000 00:33 1578476                    /home/wesley/.gradle/wrapper/dists/gradle-3.3-all/55gk2rcmfc6p2dg9u9ohc3hw9/gradle-3.3/lib/plugins/gradle-ide-play-3.3.jar
7f841f593000-7f841f596000 r--s 00013000 00:33 1578478                    /home/wesley/.gradle/wrapper/dists/gradle-3.3-all/55gk2rcmfc6p2dg9u9ohc3hw9/gradle-3.3/lib/plugins/gradle-ide-native-3.3.jar
7f841f596000-7f841f59f000 r--s 00055000 00:33 1578455                    /home/wesley/.gradle/wrapper/dists/gradle-3.3-all/55gk2rcmfc6p2dg9u9ohc3hw9/gradle-3.3/lib/plugins/gradle-ide-3.3.jar
7f841f59f000-7f841f5a1000 r--s 00007000 00:33 1578459                    /home/wesley/.gradle/wrapper/dists/gradle-3.3-all/55gk2rcmfc6p2dg9u9ohc3hw9/gradle-3.3/lib/plugins/gradle-ear-3.3.jar
7f841f5a1000-7f841f5a7000 r--s 00039000 00:33 1578462                    /home/wesley/.gradle/wrapper/dists/gradle-3.3-all/55gk2rcmfc6p2dg9u9ohc3hw9/gradle-3.3/lib/plugins/gradle-diagnostics-3.3.jar
7f841f5a7000-7f841f5a8000 r--s 00009000 00:33 1578488                    /home/wesley/.gradle/wrapper/dists/gradle-3.3-all/55gk2rcmfc6p2dg9u9ohc3hw9/gradle-3.3/lib/plugins/gradle-composite-builds-3.3.jar
7f841f5a8000-7f841f5ac000 r--s 00023000 00:33 1578450                    /home/wesley/.gradle/wrapper/dists/gradle-3.3-all/55gk2rcmfc6p2dg9u9ohc3hw9/gradle-3.3/lib/plugins/gradle-code-quality-3.3.jar
7f841f5ac000-7f841f5b0000 r--s 00022000 00:33 1578467                    /home/wesley/.gradle/wrapper/dists/gradle-3.3-all/55gk2rcmfc6p2dg9u9ohc3hw9/gradle-3.3/lib/plugins/gradle-build-init-3.3.jar
7f841f5b0000-7f841f5b6000 r--s 0008e000 00:33 1578461                    /home/wesley/.gradle/wrapper/dists/gradle-3.3-all/55gk2rcmfc6p2dg9u9ohc3hw9/gradle-3.3/lib/plugins/gradle-build-comparison-3.3.jar
7f841f5b6000-7f841f5b7000 r--s 00001000 00:33 1578489                    /home/wesley/.gradle/wrapper/dists/gradle-3.3-all/55gk2rcmfc6p2dg9u9ohc3hw9/gradle-3.3/lib/plugins/gradle-build-cache-http-3.3.jar
7f841f5b7000-7f841f5b9000 r--s 00008000 00:33 1578452                    /home/wesley/.gradle/wrapper/dists/gradle-3.3-all/55gk2rcmfc6p2dg9u9ohc3hw9/gradle-3.3/lib/plugins/gradle-antlr-3.3.jar
7f841f5b9000-7f841f5bb000 r--s 00004000 00:33 1578456                    /home/wesley/.gradle/wrapper/dists/gradle-3.3-all/55gk2rcmfc6p2dg9u9ohc3hw9/gradle-3.3/lib/plugins/gradle-announce-3.3.jar
7f841f5bb000-7f841f5d3000 r--s 00115000 00:33 1578558                    /home/wesley/.gradle/wrapper/dists/gradle-3.3-all/55gk2rcmfc6p2dg9u9ohc3hw9/gradle-3.3/lib/plugins/xercesImpl-2.9.1.jar
7f841f5d3000-7f841f5db000 r--s 00028000 00:33 1578559                    /home/wesley/.gradle/wrapper/dists/gradle-3.3-all/55gk2rcmfc6p2dg9u9ohc3hw9/gradle-3.3/lib/plugins/xml-apis-1.3.04.jar
7f841f5db000-7f841f5e1000 r--s 0005b000 00:33 1578557                    /home/wesley/.gradle/wrapper/dists/gradle-3.3-all/55gk2rcmfc6p2dg9u9ohc3hw9/gradle-3.3/lib/plugins/jcifs-1.3.17.jar
7f841f5e1000-7f841f5e7000 r--s 00033000 00:33 1578505                    /home/wesley/.gradle/wrapper/dists/gradle-3.3-all/55gk2rcmfc6p2dg9u9ohc3hw9/gradle-3.3/lib/plugins/commons-codec-1.6.jar
7f841f5e7000-7f841f5ee000 r--s 00049000 00:33 1578556                    /home/wesley/.gradle/wrapper/dists/gradle-3.3-all/55gk2rcmfc6p2dg9u9ohc3hw9/gradle-3.3/lib/plugins/httpcore-4.4.4.jar
7f841f5ee000-7f841f5f1000 r--s 0001c000 00:33 1578514                    /home/wesley/.gradle/wrapper/dists/gradle-3.3-all/55gk2rcmfc6p2dg9u9ohc3hw9/gradle-3.3/lib/plugins/nekohtml-1.9.14.jar
7f841f5f1000-7f841f5fe000 r--s 000a4000 00:33 1578513                    /home/wesley/.gradle/wrapper/dists/gradle-3.3-all/55gk2rcmfc6p2dg9u9ohc3hw9/gradle-3.3/lib/plugins/httpclient-4.4.1.jar
7f841f5fe000-7f841f601000 r--s 0000a000 00:33 1578484                    /home/wesley/.gradle/wrapper/dists/gradle-3.3-all/55gk2rcmfc6p2dg9u9ohc3hw9/gradle-3.3/lib/plugins/gradle-resources-http-3.3.jar
7f841f601000-7f841f605000 r--s 00015000 00:33 1578483                    /home/wesley/.gradle/wrapper/dists/gradle-3.3-all/55gk2rcmfc6p2dg9u9ohc3hw9/gradle-3.3/lib/plugins/gradle-plugin-use-3.3.jar
7f841f605000-7f841f606000 r--s 00000000 00:33 1578395                    /home/wesley/.gradle/wrapper/dists/gradle-3.3-all/55gk2rcmfc6p2dg9u9ohc3hw9/gradle-3.3/lib/gradle-installation-beacon-3.3.jar
7f841f606000-7f841f608000 r--s 00006000 00:33 1578552                    /home/wesley/.gradle/wrapper/dists/gradle-3.3-all/55gk2rcmfc6p2dg9u9ohc3hw9/gradle-3.3/lib/plugins/aether-connector-wagon-1.13.1.jar
7f841f608000-7f841f60c000 r--s 0001c000 00:33 1578551                    /home/wesley/.gradle/wrapper/dists/gradle-3.3-all/55gk2rcmfc6p2dg9u9ohc3hw9/gradle-3.3/lib/plugins/aether-util-1.13.1.jar
7f841f60c000-7f841f64c000 r--s 00277000 00:33 1578525                    /home/wesley/.gradle/wrapper/dists/gradle-3.3-all/55gk2rcmfc6p2dg9u9ohc3hw9/gradle-3.3/lib/plugins/bcprov-jdk15on-1.51.jar
7f841f64c000-7f841f662000 r-xp 00000000 08:01 10228137                   /lib/x86_64-linux-gnu/libgcc_s.so.1
7f841f662000-7f841f861000 ---p 00016000 08:01 10228137                   /lib/x86_64-linux-gnu/libgcc_s.so.1
7f841f861000-7f841f862000 r--p 00015000 08:01 10228137                   /lib/x86_64-linux-gnu/libgcc_s.so.1
7f841f862000-7f841f863000 rw-p 00016000 08:01 10228137                   /lib/x86_64-linux-gnu/libgcc_s.so.1
7f841f863000-7f841f9db000 r-xp 00000000 08:01 1706859                    /usr/lib/x86_64-linux-gnu/libstdc++.so.6.0.24
7f841f9db000-7f841fbda000 ---p 00178000 08:01 1706859                    /usr/lib/x86_64-linux-gnu/libstdc++.so.6.0.24
7f841fbda000-7f841fbe4000 r--p 00177000 08:01 1706859                    /usr/lib/x86_64-linux-gnu/libstdc++.so.6.0.24
7f841fbe4000-7f841fbe6000 rw-p 00181000 08:01 1706859                    /usr/lib/x86_64-linux-gnu/libstdc++.so.6.0.24
7f841fbe6000-7f841fbe9000 rw-p 00000000 00:00 0 
7f841fbe9000-7f841fbee000 r-xp 00000000 00:33 1579269                    /home/wesley/.gradle/native/23/linux-amd64/libnative-platform.so
7f841fbee000-7f841fded000 ---p 00005000 00:33 1579269                    /home/wesley/.gradle/native/23/linux-amd64/libnative-platform.so
7f841fded000-7f841fdee000 rw-p 00004000 00:33 1579269                    /home/wesley/.gradle/native/23/linux-amd64/libnative-platform.so
7f841fdee000-7f841fdff000 r-xp 00000000 08:01 2625224                    /opt/android-studio/jre/jre/lib/amd64/libnio.so
7f841fdff000-7f841fffe000 ---p 00011000 08:01 2625224                    /opt/android-studio/jre/jre/lib/amd64/libnio.so
7f841fffe000-7f841ffff000 r--p 00010000 08:01 2625224                    /opt/android-studio/jre/jre/lib/amd64/libnio.so
7f841ffff000-7f8420000000 rw-p 00011000 08:01 2625224                    /opt/android-studio/jre/jre/lib/amd64/libnio.so
7f8420000000-7f842102a000 rw-p 00000000 00:00 0 
7f842102a000-7f8424000000 ---p 00000000 00:00 0 
7f8424000000-7f8424039000 rw-p 00000000 00:00 0 
7f8424039000-7f8428000000 ---p 00000000 00:00 0 
7f8428000000-7f8428021000 rw-p 00000000 00:00 0 
7f8428021000-7f842c000000 ---p 00000000 00:00 0 
7f842c000000-7f842dd69000 rw-p 00000000 00:00 0 
7f842dd69000-7f8430000000 ---p 00000000 00:00 0 
7f8430000000-7f8430038000 rw-p 00000000 00:00 0 
7f8430038000-7f8434000000 ---p 00000000 00:00 0 
7f8434000000-7f8434001000 r--s 00003000 00:33 1578550                    /home/wesley/.gradle/wrapper/dists/gradle-3.3-all/55gk2rcmfc6p2dg9u9ohc3hw9/gradle-3.3/lib/plugins/aether-spi-1.13.1.jar
7f8434001000-7f8434004000 r--s 0001d000 00:33 1578549                    /home/wesley/.gradle/wrapper/dists/gradle-3.3-all/55gk2rcmfc6p2dg9u9ohc3hw9/gradle-3.3/lib/plugins/aether-impl-1.13.1.jar
7f8434004000-7f8434007000 r--s 00013000 00:33 1578548                    /home/wesley/.gradle/wrapper/dists/gradle-3.3-all/55gk2rcmfc6p2dg9u9ohc3hw9/gradle-3.3/lib/plugins/aether-api-1.13.1.jar
7f8434007000-7f8434008000 r--s 00007000 00:33 1578547                    /home/wesley/.gradle/wrapper/dists/gradle-3.3-all/55gk2rcmfc6p2dg9u9ohc3hw9/gradle-3.3/lib/plugins/wagon-http-shared4-2.4.jar
7f8434008000-7f843400a000 r--s 0000b000 00:33 1578546                    /home/wesley/.gradle/wrapper/dists/gradle-3.3-all/55gk2rcmfc6p2dg9u9ohc3hw9/gradle-3.3/lib/plugins/wagon-provider-api-2.4.jar
7f843400a000-7f843400b000 r--s 00002000 00:33 1578545                    /home/wesley/.gradle/wrapper/dists/gradle-3.3-all/55gk2rcmfc6p2dg9u9ohc3hw9/gradle-3.3/lib/plugins/wagon-http-2.4.jar
7f843400b000-7f843400c000 r--s 00002000 00:33 1578544                    /home/wesley/.gradle/wrapper/dists/gradle-3.3-all/55gk2rcmfc6p2dg9u9ohc3hw9/gradle-3.3/lib/plugins/wagon-file-2.4.jar
7f843400c000-7f843400e000 r--s 0000c000 00:33 1578543                    /home/wesley/.gradle/wrapper/dists/gradle-3.3-all/55gk2rcmfc6p2dg9u9ohc3hw9/gradle-3.3/lib/plugins/maven-aether-provider-3.0.4.jar
7f843400e000-7f8434010000 r--s 0000b000 00:33 1578542                    /home/wesley/.gradle/wrapper/dists/gradle-3.3-all/55gk2rcmfc6p2dg9u9ohc3hw9/gradle-3.3/lib/plugins/maven-plugin-api-3.0.4.jar
7f8434010000-7f8434012000 r--s 00006000 00:33 1578541                    /home/wesley/.gradle/wrapper/dists/gradle-3.3-all/55gk2rcmfc6p2dg9u9ohc3hw9/gradle-3.3/lib/plugins/maven-repository-metadata-3.0.4.jar
7f8434012000-7f8434014000 r--s 0000b000 00:33 1578540                    /home/wesley/.gradle/wrapper/dists/gradle-3.3-all/55gk2rcmfc6p2dg9u9ohc3hw9/gradle-3.3/lib/plugins/maven-artifact-3.0.4.jar
7f8434014000-7f8434016000 r--s 00026000 00:33 1578539                    /home/wesley/.gradle/wrapper/dists/gradle-3.3-all/55gk2rcmfc6p2dg9u9ohc3hw9/gradle-3.3/lib/plugins/maven-model-3.0.4.jar
7f8434016000-7f843401a000 r--s 00021000 00:33 1578538                    /home/wesley/.gradle/wrapper/dists/gradle-3.3-all/55gk2rcmfc6p2dg9u9ohc3hw9/gradle-3.3/lib/plugins/maven-model-builder-3.0.4.jar
7f843401a000-7f8434020000 r--s 0003f000 00:33 1578537                    /home/wesley/.gradle/wrapper/dists/gradle-3.3-all/55gk2rcmfc6p2dg9u9ohc3hw9/gradle-3.3/lib/plugins/maven-compat-3.0.4.jar
7f8434020000-7f8434021000 r--s 00006000 00:33 1578536                    /home/wesley/.gradle/wrapper/dists/gradle-3.3-all/55gk2rcmfc6p2dg9u9ohc3hw9/gradle-3.3/lib/plugins/plexus-sec-dispatcher-1.3.jar
7f8434021000-7f8434023000 r--s 00002000 00:33 1578535                    /home/wesley/.gradle/wrapper/dists/gradle-3.3-all/55gk2rcmfc6p2dg9u9ohc3hw9/gradle-3.3/lib/plugins/plexus-cipher-1.7.jar
7f8434023000-7f8434025000 r--s 0000a000 00:33 1578534                    /home/wesley/.gradle/wrapper/dists/gradle-3.3-all/55gk2rcmfc6p2dg9u9ohc3hw9/gradle-3.3/lib/plugins/plexus-classworlds-2.4.jar
7f8434025000-7f843402c000 r--s 0002e000 00:33 1578533                    /home/wesley/.gradle/wrapper/dists/gradle-3.3-all/55gk2rcmfc6p2dg9u9ohc3hw9/gradle-3.3/lib/plugins/plexus-container-default-1.5.5.jar
7f843402c000-7f843402e000 r--s 00000000 00:33 1578560                    /home/wesley/.gradle/wrapper/dists/gradle-3.3-all/55gk2rcmfc6p2dg9u9ohc3hw9/gradle-3.3/lib/plugins/plexus-component-annotations-1.5.5.jar
7f843402e000-7f8434030000 r--s 0000d000 00:33 1578532                    /home/wesley/.gradle/wrapper/dists/gradle-3.3-all/55gk2rcmfc6p2dg9u9ohc3hw9/gradle-3.3/lib/plugins/plexus-interpolation-1.14.jar
7f8434030000-7f8434034000 r--s 00033000 00:33 1578531                    /home/wesley/.gradle/wrapper/dists/gradle-3.3-all/55gk2rcmfc6p2dg9u9ohc3hw9/gradle-3.3/lib/plugins/plexus-utils-2.0.6.jar
7f8434034000-7f8434037000 r--s 00008000 00:33 1578530                    /home/wesley/.gradle/wrapper/dists/gradle-3.3-all/55gk2rcmfc6p2dg9u9ohc3hw9/gradle-3.3/lib/plugins/maven-settings-builder-3.0.4.jar
7f8434037000-7f8434039000 r--s 0000a000 00:33 1578529                    /home/wesley/.gradle/wrapper/dists/gradle-3.3-all/55gk2rcmfc6p2dg9u9ohc3hw9/gradle-3.3/lib/plugins/maven-settings-3.0.4.jar
7f8434039000-7f843403e000 r--s 00040000 00:33 1578515                    /home/wesley/.gradle/wrapper/dists/gradle-3.3-all/55gk2rcmfc6p2dg9u9ohc3hw9/gradle-3.3/lib/plugins/jsch-0.1.53.jar
7f843403e000-7f8434042000 r--s 0001d000 00:33 1578524                    /home/wesley/.gradle/wrapper/dists/gradle-3.3-all/55gk2rcmfc6p2dg9u9ohc3hw9/gradle-3.3/lib/plugins/xbean-reflect-3.4.jar
7f8434042000-7f843404e000 r--s 0007d000 00:33 1578502                    /home/wesley/.gradle/wrapper/dists/gradle-3.3-all/55gk2rcmfc6p2dg9u9ohc3hw9/gradle-3.3/lib/plugins/maven-core-3.0.4.jar
7f843404e000-7f8434053000 r--s 00034000 00:33 1578508                    /home/wesley/.gradle/wrapper/dists/gradle-3.3-all/55gk2rcmfc6p2dg9u9ohc3hw9/gradle-3.3/lib/plugins/gson-2.7.jar
7f8434053000-7f8434062000 r--s 000d9000 00:33 1578523                    /home/wesley/.gradle/wrapper/dists/gradle-3.3-all/55gk2rcmfc6p2dg9u9ohc3hw9/gradle-3.3/lib/plugins/ivy-2.2.0.jar
7f8434062000-7f8434081000 r--s 000f6000 00:33 1578491                    /home/wesley/.gradle/wrapper/dists/gradle-3.3-all/55gk2rcmfc6p2dg9u9ohc3hw9/gradle-3.3/lib/plugins/gradle-dependency-management-3.3.jar
7f8434081000-7f8434083000 r--s 00005000 00:33 1578490                    /home/wesley/.gradle/wrapper/dists/gradle-3.3-all/55gk2rcmfc6p2dg9u9ohc3hw9/gradle-3.3/lib/plugins/gradle-workers-3.3.jar
7f8434083000-7f8437084000 rw-p 00000000 00:00 0 
7f8437084000-7f843709b000 r-xp 00000000 08:01 2625222                    /opt/android-studio/jre/jre/lib/amd64/libnet.so
7f843709b000-7f843729a000 ---p 00017000 08:01 2625222                    /opt/android-studio/jre/jre/lib/amd64/libnet.so
7f843729a000-7f843729b000 r--p 00016000 08:01 2625222                    /opt/android-studio/jre/jre/lib/amd64/libnet.so
7f843729b000-7f843729c000 rw-p 00017000 08:01 2625222                    /opt/android-studio/jre/jre/lib/amd64/libnet.so
7f843729c000-7f843729d000 r--s 00006000 00:33 1578394                    /home/wesley/.gradle/wrapper/dists/gradle-3.3-all/55gk2rcmfc6p2dg9u9ohc3hw9/gradle-3.3/lib/gradle-wrapper-3.3.jar
7f843729d000-7f84372aa000 r--s 00041000 00:33 1578401                    /home/wesley/.gradle/wrapper/dists/gradle-3.3-all/55gk2rcmfc6p2dg9u9ohc3hw9/gradle-3.3/lib/gradle-tooling-api-3.3.jar
7f84372aa000-7f84372ac000 r--s 00002000 00:33 1578421                    /home/wesley/.gradle/wrapper/dists/gradle-3.3-all/55gk2rcmfc6p2dg9u9ohc3hw9/gradle-3.3/lib/gradle-open-api-3.3.jar
7f84372ac000-7f84372b2000 r--s 00032000 00:33 1578423                    /home/wesley/.gradle/wrapper/dists/gradle-3.3-all/55gk2rcmfc6p2dg9u9ohc3hw9/gradle-3.3/lib/jaxen-1.1.jar
7f84372b2000-7f84372b7000 r--s 00048000 00:33 1578422                    /home/wesley/.gradle/wrapper/dists/gradle-3.3-all/55gk2rcmfc6p2dg9u9ohc3hw9/gradle-3.3/lib/dom4j-1.6.1.jar
7f84372b7000-7f84372c2000 r--s 00059000 00:33 1578400                    /home/wesley/.gradle/wrapper/dists/gradle-3.3-all/55gk2rcmfc6p2dg9u9ohc3hw9/gradle-3.3/lib/gradle-ui-3.3.jar
7f84372c2000-7f84372cb000 r--s 0008c000 00:33 1578392                    /home/wesley/.gradle/wrapper/dists/gradle-3.3-all/55gk2rcmfc6p2dg9u9ohc3hw9/gradle-3.3/lib/kotlin-stdlib-1.1-M02.jar
7f84372cb000-7f84372d1000 r--s 0002a000 00:33 1578391                    /home/wesley/.gradle/wrapper/dists/gradle-3.3-all/55gk2rcmfc6p2dg9u9ohc3hw9/gradle-3.3/lib/kotlin-runtime-1.1-M02.jar
7f84372d1000-7f8437305000 r--s 00256000 00:33 1578390                    /home/wesley/.gradle/wrapper/dists/gradle-3.3-all/55gk2rcmfc6p2dg9u9ohc3hw9/gradle-3.3/lib/kotlin-reflect-1.1-M02.jar
7f8437305000-7f843749b000 r--s 0157e000 00:33 1578389                    /home/wesley/.gradle/wrapper/dists/gradle-3.3-all/55gk2rcmfc6p2dg9u9ohc3hw9/gradle-3.3/lib/kotlin-compiler-embeddable-1.1-M02.jar
7f843749b000-7f84374a3000 r--s 0004e000 00:33 1578388                    /home/wesley/.gradle/wrapper/dists/gradle-3.3-all/55gk2rcmfc6p2dg9u9ohc3hw9/gradle-3.3/lib/gradle-script-kotlin-0.5.1.jar
7f84374a3000-7f84374a6000 r--s 0000b000 00:33 1578419                    /home/wesley/.gradle/wrapper/dists/gradle-3.3-all/55gk2rcmfc6p2dg9u9ohc3hw9/gradle-3.3/lib/gradle-resources-3.3.jar
7f84374a6000-7f84374a8000 r--s 00003000 00:33 1578428                    /home/wesley/.gradle/wrapper/dists/gradle-3.3-all/55gk2rcmfc6p2dg9u9ohc3hw9/gradle-3.3/lib/jcl-over-slf4j-1.7.10.jar
7f84374a8000-7f84374a9000 r--s 00005000 00:33 1578427                    /home/wesley/.gradle/wrapper/dists/gradle-3.3-all/55gk2rcmfc6p2dg9u9ohc3hw9/gradle-3.3/lib/log4j-over-slf4j-1.7.10.jar
7f84374a9000-7f84374ab000 r--s 00000000 00:33 1578426                    /home/wesley/.gradle/wrapper/dists/gradle-3.3-all/55gk2rcmfc6p2dg9u9ohc3hw9/gradle-3.3/lib/jul-to-slf4j-1.7.10.jar
7f84374ab000-7f84374b0000 r--s 0001e000 00:33 1578403                    /home/wesley/.gradle/wrapper/dists/gradle-3.3-all/55gk2rcmfc6p2dg9u9ohc3hw9/gradle-3.3/lib/gradle-logging-3.3.jar
7f84374b0000-7f84374b2000 r--s 00007000 00:33 1578447                    /home/wesley/.gradle/wrapper/dists/gradle-3.3-all/55gk2rcmfc6p2dg9u9ohc3hw9/gradle-3.3/lib/objenesis-1.2.jar
7f84374b2000-7f84374b4000 r--s 00000000 00:33 1578446                    /home/wesley/.gradle/wrapper/dists/gradle-3.3-all/55gk2rcmfc6p2dg9u9ohc3hw9/gradle-3.3/lib/minlog-1.2.jar
7f84374b4000-7f84374b6000 r--s 0000f000 00:33 1578445                    /home/wesley/.gradle/wrapper/dists/gradle-3.3-all/55gk2rcmfc6p2dg9u9ohc3hw9/gradle-3.3/lib/reflectasm-1.07-shaded.jar
7f84374b6000-7f84374ba000 r--s 00026000 00:33 1578430                    /home/wesley/.gradle/wrapper/dists/gradle-3.3-all/55gk2rcmfc6p2dg9u9ohc3hw9/gradle-3.3/lib/kryo-2.20.jar
7f84374ba000-7f84374c0000 r--s 00027000 00:33 1578418                    /home/wesley/.gradle/wrapper/dists/gradle-3.3-all/55gk2rcmfc6p2dg9u9ohc3hw9/gradle-3.3/lib/gradle-messaging-3.3.jar
7f84374c0000-7f84374c1000 r--s 00001000 00:33 1578444                    /home/wesley/.gradle/wrapper/dists/gradle-3.3-all/55gk2rcmfc6p2dg9u9ohc3hw9/gradle-3.3/lib/native-platform-linux-i386-ncurses6-0.12.jar
7f84374c1000-7f84374c2000 r--s 00001000 00:33 1578443                    /home/wesley/.gradle/wrapper/dists/gradle-3.3-all/55gk2rcmfc6p2dg9u9ohc3hw9/gradle-3.3/lib/native-platform-linux-i386-ncurses5-0.12.jar
7f84374c2000-7f84374c3000 r--s 00001000 00:33 1578442                    /home/wesley/.gradle/wrapper/dists/gradle-3.3-all/55gk2rcmfc6p2dg9u9ohc3hw9/gradle-3.3/lib/native-platform-linux-amd64-ncurses6-0.12.jar
7f84374c3000-7f84374c4000 r--s 00001000 00:33 1578441                    /home/wesley/.gradle/wrapper/dists/gradle-3.3-all/55gk2rcmfc6p2dg9u9ohc3hw9/gradle-3.3/lib/native-platform-linux-amd64-ncurses5-0.12.jar
7f84374c4000-7f84374c5000 r--s 0000b000 00:33 1578440                    /home/wesley/.gradle/wrapper/dists/gradle-3.3-all/55gk2rcmfc6p2dg9u9ohc3hw9/gradle-3.3/lib/native-platform-windows-i386-0.12.jar
7f84374c5000-7f84374c7000 r--s 0000b000 00:33 1578439                    /home/wesley/.gradle/wrapper/dists/gradle-3.3-all/55gk2rcmfc6p2dg9u9ohc3hw9/gradle-3.3/lib/native-platform-windows-amd64-0.12.jar
7f84374c7000-7f84374c9000 r--s 00002000 00:33 1578438                    /home/wesley/.gradle/wrapper/dists/gradle-3.3-all/55gk2rcmfc6p2dg9u9ohc3hw9/gradle-3.3/lib/native-platform-osx-i386-0.12.jar
7f84374c9000-7f84374ca000 r--s 00002000 00:33 1578437                    /home/wesley/.gradle/wrapper/dists/gradle-3.3-all/55gk2rcmfc6p2dg9u9ohc3hw9/gradle-3.3/lib/native-platform-osx-amd64-0.12.jar
7f84374ca000-7f84374cb000 r--s 00002000 00:33 1578436                    /home/wesley/.gradle/wrapper/dists/gradle-3.3-all/55gk2rcmfc6p2dg9u9ohc3hw9/gradle-3.3/lib/native-platform-linux-i386-0.12.jar
7f84374cb000-7f84374cc000 r--s 00002000 00:33 1578435                    /home/wesley/.gradle/wrapper/dists/gradle-3.3-all/55gk2rcmfc6p2dg9u9ohc3hw9/gradle-3.3/lib/native-platform-linux-amd64-0.12.jar
7f84374cc000-7f84374ce000 r--s 00003000 00:33 1578432                    /home/wesley/.gradle/wrapper/dists/gradle-3.3-all/55gk2rcmfc6p2dg9u9ohc3hw9/gradle-3.3/lib/native-platform-freebsd-amd64-libstdcpp-0.12.jar
7f84374ce000-7f84374d1000 r--s 00023000 00:33 1578425                    /home/wesley/.gradle/wrapper/dists/gradle-3.3-all/55gk2rcmfc6p2dg9u9ohc3hw9/gradle-3.3/lib/jansi-1.14.jar
7f84374d1000-7f84374e0000 r--s 0007f000 00:33 1578409                    /home/wesley/.gradle/wrapper/dists/gradle-3.3-all/55gk2rcmfc6p2dg9u9ohc3hw9/gradle-3.3/lib/gradle-model-core-3.3.jar
7f84374e0000-7f84374ed000 r--s 00083000 00:33 1578413                    /home/wesley/.gradle/wrapper/dists/gradle-3.3-all/55gk2rcmfc6p2dg9u9ohc3hw9/gradle-3.3/lib/commons-collections-3.2.2.jar
7f84374ed000-7f84374ee000 ---p 00000000 00:00 0 
7f84374ee000-7f84375ee000 rw-p 00000000 00:00 0 
7f84375ee000-7f84375f1000 ---p 00000000 00:00 0 
7f84375f1000-7f84376ef000 rw-p 00000000 00:00 0 
7f84376ef000-7f84376f2000 ---p 00000000 00:00 0 
7f84376f2000-7f84377f0000 rw-p 00000000 00:00 0 
7f84377f0000-7f84377f3000 ---p 00000000 00:00 0 
7f84377f3000-7f84378f1000 rw-p 00000000 00:00 0 
7f84378f1000-7f84378f4000 ---p 00000000 00:00 0 
7f84378f4000-7f84379f2000 rw-p 00000000 00:00 0 
7f84379f2000-7f8437eff000 r--p 00000000 08:01 1704838                    /usr/lib/locale/locale-archive
7f8437eff000-7f8437f02000 ---p 00000000 00:00 0 
7f8437f02000-7f8438000000 rw-p 00000000 00:00 0 
7f8438000000-7f8438289000 rw-p 00000000 00:00 0 
7f8438289000-7f843c000000 ---p 00000000 00:00 0 
7f843c000000-7f843c9ee000 rw-p 00000000 00:00 0 
7f843c9ee000-7f8440000000 ---p 00000000 00:00 0 
7f8440000000-7f8440129000 rw-p 00000000 00:00 0 
7f8440129000-7f8444000000 ---p 00000000 00:00 0 
7f8444000000-7f8444001000 r--s 00003000 00:33 1578434                    /home/wesley/.gradle/wrapper/dists/gradle-3.3-all/55gk2rcmfc6p2dg9u9ohc3hw9/gradle-3.3/lib/native-platform-freebsd-i386-libstdcpp-0.12.jar
7f8444001000-7f8444005000 r--s 00011000 00:33 1578424                    /home/wesley/.gradle/wrapper/dists/gradle-3.3-all/55gk2rcmfc6p2dg9u9ohc3hw9/gradle-3.3/lib/native-platform-0.12.jar
7f8444005000-7f8444075000 r--s 00641000 00:33 1578408                    /home/wesley/.gradle/wrapper/dists/gradle-3.3-all/55gk2rcmfc6p2dg9u9ohc3hw9/gradle-3.3/lib/groovy-all-2.4.7.jar
7f8444075000-7f844409d000 r--s 001cf000 00:33 1578405                    /home/wesley/.gradle/wrapper/dists/gradle-3.3-all/55gk2rcmfc6p2dg9u9ohc3hw9/gradle-3.3/lib/guava-jdk5-17.0.jar
7f844409d000-7f84440bc000 r--s 001d1000 00:33 1578412                    /home/wesley/.gradle/wrapper/dists/gradle-3.3-all/55gk2rcmfc6p2dg9u9ohc3hw9/gradle-3.3/lib/ant-1.9.6.jar
7f84440bc000-7f84440f9000 r--s 001f8000 00:33 1578398                    /home/wesley/.gradle/wrapper/dists/gradle-3.3-all/55gk2rcmfc6p2dg9u9ohc3hw9/gradle-3.3/lib/gradle-core-3.3.jar
7f84440f9000-7f84440fc000 ---p 00000000 00:00 0 
7f84440fc000-7f84441fa000 rw-p 00000000 00:00 0 
7f84441fa000-7f84441fb000 ---p 00000000 00:00 0 
7f84441fb000-7f8448000000 rw-p 00000000 00:00 0 
7f8448000000-7f844806a000 rw-p 00000000 00:00 0 
7f844806a000-7f844c000000 ---p 00000000 00:00 0 
7f844c000000-7f844c001000 r--s 00004000 00:33 1578433                    /home/wesley/.gradle/wrapper/dists/gradle-3.3-all/55gk2rcmfc6p2dg9u9ohc3hw9/gradle-3.3/lib/native-platform-freebsd-i386-libcpp-0.12.jar
7f844c001000-7f844c002000 r--s 00004000 00:33 1578431                    /home/wesley/.gradle/wrapper/dists/gradle-3.3-all/55gk2rcmfc6p2dg9u9ohc3hw9/gradle-3.3/lib/native-platform-freebsd-amd64-libcpp-0.12.jar
7f844c002000-7f844c005000 r--s 0000a000 00:33 1578402                    /home/wesley/.gradle/wrapper/dists/gradle-3.3-all/55gk2rcmfc6p2dg9u9ohc3hw9/gradle-3.3/lib/gradle-native-3.3.jar
7f844c005000-7f844c007000 r--s 00005000 00:33 1578399                    /home/wesley/.gradle/wrapper/dists/gradle-3.3-all/55gk2rcmfc6p2dg9u9ohc3hw9/gradle-3.3/lib/gradle-cli-3.3.jar
7f844c007000-7f844c009000 r--s 00007000 00:33 1578410                    /home/wesley/.gradle/wrapper/dists/gradle-3.3-all/55gk2rcmfc6p2dg9u9ohc3hw9/gradle-3.3/lib/gradle-model-groovy-3.3.jar
7f844c009000-7f844c42e000 rw-p 00000000 00:00 0 
7f844c42e000-7f844c5fd000 r--s 03c1b000 08:01 2625192                    /opt/android-studio/jre/jre/lib/rt.jar
7f844c5fd000-7f844c8fd000 rw-p 00000000 00:00 0 
7f844c8fd000-7f844c8fe000 ---p 00000000 00:00 0 
7f844c8fe000-7f844c9fe000 rw-p 00000000 00:00 0 
7f844c9fe000-7f844c9ff000 ---p 00000000 00:00 0 
7f844c9ff000-7f844cb2c000 rw-p 00000000 00:00 0 
7f844cb2c000-7f844ccff000 ---p 00000000 00:00 0 
7f844ccff000-7f844cd2c000 rw-p 00000000 00:00 0 
7f844cd2c000-7f844ceff000 ---p 00000000 00:00 0 
7f844ceff000-7f844cfa2000 rw-p 00000000 00:00 0 
7f844cfa2000-7f844cfff000 ---p 00000000 00:00 0 
7f844cfff000-7f844d000000 rw-p 00000000 00:00 0 
7f844d000000-7f844f9e0000 rwxp 00000000 00:00 0 
7f844f9e0000-7f845c000000 ---p 00000000 00:00 0 
7f845c000000-7f845ccb0000 rw-p 00000000 00:00 0 
7f845ccb0000-7f8460000000 ---p 00000000 00:00 0 
7f8460000000-7f846018d000 rw-p 00000000 00:00 0 
7f846018d000-7f84604a5000 ---p 00000000 00:00 0 
7f84604a5000-7f84604bf000 r-xp 00000000 08:01 2625219                    /opt/android-studio/jre/jre/lib/amd64/libzip.so
7f84604bf000-7f84606bf000 ---p 0001a000 08:01 2625219                    /opt/android-studio/jre/jre/lib/amd64/libzip.so
7f84606bf000-7f84606c0000 r--p 0001a000 08:01 2625219                    /opt/android-studio/jre/jre/lib/amd64/libzip.so
7f84606c0000-7f84606c1000 rw-p 0001b000 08:01 2625219                    /opt/android-studio/jre/jre/lib/amd64/libzip.so
7f84606c1000-7f84606cc000 r-xp 00000000 08:01 10223663                   /lib/x86_64-linux-gnu/libnss_files-2.26.so
7f84606cc000-7f84608cb000 ---p 0000b000 08:01 10223663                   /lib/x86_64-linux-gnu/libnss_files-2.26.so
7f84608cb000-7f84608cc000 r--p 0000a000 08:01 10223663                   /lib/x86_64-linux-gnu/libnss_files-2.26.so
7f84608cc000-7f84608cd000 rw-p 0000b000 08:01 10223663                   /lib/x86_64-linux-gnu/libnss_files-2.26.so
7f84608cd000-7f84608d3000 rw-p 00000000 00:00 0 
7f84608d3000-7f84608de000 r-xp 00000000 08:01 10223665                   /lib/x86_64-linux-gnu/libnss_nis-2.26.so
7f84608de000-7f8460add000 ---p 0000b000 08:01 10223665                   /lib/x86_64-linux-gnu/libnss_nis-2.26.so
7f8460add000-7f8460ade000 r--p 0000a000 08:01 10223665                   /lib/x86_64-linux-gnu/libnss_nis-2.26.so
7f8460ade000-7f8460adf000 rw-p 0000b000 08:01 10223665                   /lib/x86_64-linux-gnu/libnss_nis-2.26.so
7f8460adf000-7f8460af6000 r-xp 00000000 08:01 10223660                   /lib/x86_64-linux-gnu/libnsl-2.26.so
7f8460af6000-7f8460cf5000 ---p 00017000 08:01 10223660                   /lib/x86_64-linux-gnu/libnsl-2.26.so
7f8460cf5000-7f8460cf6000 r--p 00016000 08:01 10223660                   /lib/x86_64-linux-gnu/libnsl-2.26.so
7f8460cf6000-7f8460cf7000 rw-p 00017000 08:01 10223660                   /lib/x86_64-linux-gnu/libnsl-2.26.so
7f8460cf7000-7f8460cf9000 rw-p 00000000 00:00 0 
7f8460cf9000-7f8460d01000 r-xp 00000000 08:01 10223661                   /lib/x86_64-linux-gnu/libnss_compat-2.26.so
7f8460d01000-7f8460f00000 ---p 00008000 08:01 10223661                   /lib/x86_64-linux-gnu/libnss_compat-2.26.so
7f8460f00000-7f8460f01000 r--p 00007000 08:01 10223661                   /lib/x86_64-linux-gnu/libnss_compat-2.26.so
7f8460f01000-7f8460f02000 rw-p 00008000 08:01 10223661                   /lib/x86_64-linux-gnu/libnss_compat-2.26.so
7f8460f02000-7f8460f2f000 r-xp 00000000 08:01 2625229                    /opt/android-studio/jre/jre/lib/amd64/libjava.so
7f8460f2f000-7f846112e000 ---p 0002d000 08:01 2625229                    /opt/android-studio/jre/jre/lib/amd64/libjava.so
7f846112e000-7f846112f000 r--p 0002c000 08:01 2625229                    /opt/android-studio/jre/jre/lib/amd64/libjava.so
7f846112f000-7f8461131000 rw-p 0002d000 08:01 2625229                    /opt/android-studio/jre/jre/lib/amd64/libjava.so
7f8461131000-7f8461141000 r-xp 00000000 08:01 2625245                    /opt/android-studio/jre/jre/lib/amd64/libverify.so
7f8461141000-7f8461340000 ---p 00010000 08:01 2625245                    /opt/android-studio/jre/jre/lib/amd64/libverify.so
7f8461340000-7f8461342000 r--p 0000f000 08:01 2625245                    /opt/android-studio/jre/jre/lib/amd64/libverify.so
7f8461342000-7f8461343000 rw-p 00011000 08:01 2625245                    /opt/android-studio/jre/jre/lib/amd64/libverify.so
7f8461343000-7f846134a000 r-xp 00000000 08:01 10223670                   /lib/x86_64-linux-gnu/librt-2.26.so
7f846134a000-7f8461549000 ---p 00007000 08:01 10223670                   /lib/x86_64-linux-gnu/librt-2.26.so
7f8461549000-7f846154a000 r--p 00006000 08:01 10223670                   /lib/x86_64-linux-gnu/librt-2.26.so
7f846154a000-7f846154b000 rw-p 00007000 08:01 10223670                   /lib/x86_64-linux-gnu/librt-2.26.so
7f846154b000-7f84616a0000 r-xp 00000000 08:01 10223657                   /lib/x86_64-linux-gnu/libm-2.26.so
7f84616a0000-7f846189f000 ---p 00155000 08:01 10223657                   /lib/x86_64-linux-gnu/libm-2.26.so
7f846189f000-7f84618a0000 r--p 00154000 08:01 10223657                   /lib/x86_64-linux-gnu/libm-2.26.so
7f84618a0000-7f84618a1000 rw-p 00155000 08:01 10223657                   /lib/x86_64-linux-gnu/libm-2.26.so
7f84618a1000-7f8462492000 r-xp 00000000 08:01 2755509                    /opt/android-studio/jre/jre/lib/amd64/server/libjvm.so
7f8462492000-7f8462692000 ---p 00bf1000 08:01 2755509                    /opt/android-studio/jre/jre/lib/amd64/server/libjvm.so
7f8462692000-7f8462731000 r--p 00bf1000 08:01 2755509                    /opt/android-studio/jre/jre/lib/amd64/server/libjvm.so
7f8462731000-7f846275a000 rw-p 00c90000 08:01 2755509                    /opt/android-studio/jre/jre/lib/amd64/server/libjvm.so
7f846275a000-7f846279e000 rw-p 00000000 00:00 0 
7f846279e000-7f84627b8000 r-xp 00000000 08:01 10223668                   /lib/x86_64-linux-gnu/libpthread-2.26.so
7f84627b8000-7f84629b7000 ---p 0001a000 08:01 10223668                   /lib/x86_64-linux-gnu/libpthread-2.26.so
7f84629b7000-7f84629b8000 r--p 00019000 08:01 10223668                   /lib/x86_64-linux-gnu/libpthread-2.26.so
7f84629b8000-7f84629b9000 rw-p 0001a000 08:01 10223668                   /lib/x86_64-linux-gnu/libpthread-2.26.so
7f84629b9000-7f84629bd000 rw-p 00000000 00:00 0 
7f84629bd000-7f84629c0000 r-xp 00000000 08:01 10223656                   /lib/x86_64-linux-gnu/libdl-2.26.so
7f84629c0000-7f8462bbf000 ---p 00003000 08:01 10223656                   /lib/x86_64-linux-gnu/libdl-2.26.so
7f8462bbf000-7f8462bc0000 r--p 00002000 08:01 10223656                   /lib/x86_64-linux-gnu/libdl-2.26.so
7f8462bc0000-7f8462bc1000 rw-p 00003000 08:01 10223656                   /lib/x86_64-linux-gnu/libdl-2.26.so
7f8462bc1000-7f8462d97000 r-xp 00000000 08:01 10223653                   /lib/x86_64-linux-gnu/libc-2.26.so
7f8462d97000-7f8462f97000 ---p 001d6000 08:01 10223653                   /lib/x86_64-linux-gnu/libc-2.26.so
7f8462f97000-7f8462f9b000 r--p 001d6000 08:01 10223653                   /lib/x86_64-linux-gnu/libc-2.26.so
7f8462f9b000-7f8462f9d000 rw-p 001da000 08:01 10223653                   /lib/x86_64-linux-gnu/libc-2.26.so
7f8462f9d000-7f8462fa1000 rw-p 00000000 00:00 0 
7f8462fa1000-7f8462fb7000 r-xp 00000000 08:01 2625109                    /opt/android-studio/jre/lib/amd64/jli/libjli.so
7f8462fb7000-7f84631b6000 ---p 00016000 08:01 2625109                    /opt/android-studio/jre/lib/amd64/jli/libjli.so
7f84631b6000-7f84631b7000 r--p 00015000 08:01 2625109                    /opt/android-studio/jre/lib/amd64/jli/libjli.so
7f84631b7000-7f84631b8000 rw-p 00016000 08:01 2625109                    /opt/android-studio/jre/lib/amd64/jli/libjli.so
7f84631b8000-7f84631df000 r-xp 00000000 08:01 10223649                   /lib/x86_64-linux-gnu/ld-2.26.so
7f84631df000-7f84631e1000 r--s 00006000 00:33 1578417                    /home/wesley/.gradle/wrapper/dists/gradle-3.3-all/55gk2rcmfc6p2dg9u9ohc3hw9/gradle-3.3/lib/gradle-base-services-groovy-3.3.jar
7f84631e1000-7f84631e2000 r--s 00002000 00:33 1578420                    /home/wesley/.gradle/wrapper/dists/gradle-3.3-all/55gk2rcmfc6p2dg9u9ohc3hw9/gradle-3.3/lib/gradle-docs-3.3.jar
7f84631e2000-7f84631e3000 r--s 00000000 00:33 1578416                    /home/wesley/.gradle/wrapper/dists/gradle-3.3-all/55gk2rcmfc6p2dg9u9ohc3hw9/gradle-3.3/lib/javax.inject-1.jar
7f84631e3000-7f84631e4000 r--s 00000000 00:33 1578415                    /home/wesley/.gradle/wrapper/dists/gradle-3.3-all/55gk2rcmfc6p2dg9u9ohc3hw9/gradle-3.3/lib/jcip-annotations-1.0.jar
7f84631e4000-7f84631e8000 r--s 00027000 00:33 1578414                    /home/wesley/.gradle/wrapper/dists/gradle-3.3-all/55gk2rcmfc6p2dg9u9ohc3hw9/gradle-3.3/lib/commons-io-2.2.jar
7f84631e8000-7f84631ed000 r--s 00038000 00:33 1578411                    /home/wesley/.gradle/wrapper/dists/gradle-3.3-all/55gk2rcmfc6p2dg9u9ohc3hw9/gradle-3.3/lib/asm-all-5.1.jar
7f84631ed000-7f84631ee000 r--s 00001000 00:33 1578407                    /home/wesley/.gradle/wrapper/dists/gradle-3.3-all/55gk2rcmfc6p2dg9u9ohc3hw9/gradle-3.3/lib/gradle-process-services-3.3.jar
7f84631ee000-7f84631f0000 r--s 00000000 00:33 1578397                    /home/wesley/.gradle/wrapper/dists/gradle-3.3-all/55gk2rcmfc6p2dg9u9ohc3hw9/gradle-3.3/lib/gradle-jvm-services-3.3.jar
7f84631f0000-7f84631f1000 r--s 00000000 00:33 1578562                    /home/wesley/.gradle/wrapper/dists/gradle-3.3-all/55gk2rcmfc6p2dg9u9ohc3hw9/gradle-3.3/lib/gradle-version-info-3.3.jar
7f84631f1000-7f84631fa000 r--s 00042000 00:33 1578396                    /home/wesley/.gradle/wrapper/dists/gradle-3.3-all/55gk2rcmfc6p2dg9u9ohc3hw9/gradle-3.3/lib/gradle-base-services-3.3.jar
7f84631fa000-7f84632bc000 rw-p 00000000 00:00 0 
7f84632bc000-7f84632bf000 ---p 00000000 00:00 0 
7f84632bf000-7f84633bf000 rw-p 00000000 00:00 0 
7f84633bf000-7f84633c4000 r--s 00041000 00:33 1578406                    /home/wesley/.gradle/wrapper/dists/gradle-3.3-all/55gk2rcmfc6p2dg9u9ohc3hw9/gradle-3.3/lib/commons-lang-2.6.jar
7f84633c4000-7f84633c5000 r--s 00007000 00:33 1578404                    /home/wesley/.gradle/wrapper/dists/gradle-3.3-all/55gk2rcmfc6p2dg9u9ohc3hw9/gradle-3.3/lib/slf4j-api-1.7.10.jar
7f84633c5000-7f84633c6000 r--s 00004000 00:33 1578429                    /home/wesley/.gradle/wrapper/dists/gradle-3.3-all/55gk2rcmfc6p2dg9u9ohc3hw9/gradle-3.3/lib/ant-launcher-1.9.6.jar
7f84633c6000-7f84633d3000 r--s 0005c000 00:33 1578393                    /home/wesley/.gradle/wrapper/dists/gradle-3.3-all/55gk2rcmfc6p2dg9u9ohc3hw9/gradle-3.3/lib/gradle-launcher-3.3.jar
7f84633d3000-7f84633db000 rw-s 00000000 08:01 6164791                    /tmp/hsperfdata_wesley/6502
7f84633db000-7f84633dc000 rw-p 00000000 00:00 0 
7f84633dc000-7f84633dd000 ---p 00000000 00:00 0 
7f84633dd000-7f84633df000 rw-p 00000000 00:00 0 
7f84633df000-7f84633e0000 r--p 00027000 08:01 10223649                   /lib/x86_64-linux-gnu/ld-2.26.so
7f84633e0000-7f84633e1000 rw-p 00028000 08:01 10223649                   /lib/x86_64-linux-gnu/ld-2.26.so
7f84633e1000-7f84633e2000 rw-p 00000000 00:00 0 
7ffe7a8e5000-7ffe7a906000 rw-p 00000000 00:00 0                          [stack]
7ffe7a961000-7ffe7a964000 r--p 00000000 00:00 0                          [vvar]
7ffe7a964000-7ffe7a966000 r-xp 00000000 00:00 0                          [vdso]
ffffffffff600000-ffffffffff601000 r-xp 00000000 00:00 0                  [vsyscall]

VM Arguments:
jvm_args: -Xmx1536m -Dfile.encoding=UTF-8 -Duser.country=US -Duser.language=en -Duser.variant 
java_command: org.gradle.launcher.daemon.bootstrap.GradleDaemon 3.3
java_class_path (initial): /home/wesley/.gradle/wrapper/dists/gradle-3.3-all/55gk2rcmfc6p2dg9u9ohc3hw9/gradle-3.3/lib/gradle-launcher-3.3.jar
Launcher Type: SUN_STANDARD

Environment Variables:
JAVA_HOME=/usr/lib/jvm/java-8-oracle
PATH=/usr/local/sbin:/usr/local/bin:/usr/sbin:/usr/bin:/sbin:/bin:/usr/games:/usr/local/games:/snap/bin:/usr/lib/jvm/java-8-oracle/bin:/usr/lib/jvm/java-8-oracle/db/bin:/usr/lib/jvm/java-8-oracle/jre/bin
USERNAME=wesley
LD_LIBRARY_PATH=/opt/android-studio/bin:
SHELL=/bin/bash
DISPLAY=:1

Signal Handlers:
SIGSEGV: [libjvm.so+0x9e5150], sa_mask[0]=11111111011111111101111111111110, sa_flags=SA_RESTART|SA_SIGINFO
SIGBUS: [libjvm.so+0x9e5150], sa_mask[0]=11111111011111111101111111111110, sa_flags=SA_RESTART|SA_SIGINFO
SIGFPE: [libjvm.so+0x848450], sa_mask[0]=11111111011111111101111111111110, sa_flags=SA_RESTART|SA_SIGINFO
SIGPIPE: [libjvm.so+0x848450], sa_mask[0]=11111111011111111101111111111110, sa_flags=SA_RESTART|SA_SIGINFO
SIGXFSZ: [libjvm.so+0x848450], sa_mask[0]=11111111011111111101111111111110, sa_flags=SA_RESTART|SA_SIGINFO
SIGILL: [libjvm.so+0x848450], sa_mask[0]=11111111011111111101111111111110, sa_flags=SA_RESTART|SA_SIGINFO
SIGUSR1: SIG_DFL, sa_mask[0]=00000000000000000000000000000000, sa_flags=none
SIGUSR2: [libjvm.so+0x848320], sa_mask[0]=00100000000000000000000000000000, sa_flags=SA_RESTART|SA_SIGINFO
SIGHUP: [libjvm.so+0x848510], sa_mask[0]=11111111011111111101111111111110, sa_flags=SA_RESTART|SA_SIGINFO
SIGINT: [libjvm.so+0x848510], sa_mask[0]=11111111011111111101111111111110, sa_flags=SA_RESTART|SA_SIGINFO
SIGTERM: [libjvm.so+0x848510], sa_mask[0]=11111111011111111101111111111110, sa_flags=SA_RESTART|SA_SIGINFO
SIGQUIT: [libjvm.so+0x848510], sa_mask[0]=11111111011111111101111111111110, sa_flags=SA_RESTART|SA_SIGINFO


---------------  S Y S T E M  ---------------

OS:DISTRIB_ID=Ubuntu
DISTRIB_RELEASE=17.10
DISTRIB_CODENAME=artful
DISTRIB_DESCRIPTION="Ubuntu 17.10"

uname:Linux 4.13.0-32-generic #35-Ubuntu SMP Thu Jan 25 09:13:46 UTC 2018 x86_64
libc:glibc 2.26 NPTL 2.26 
rlimit: STACK 8192k, CORE 0k, NPROC 15557, NOFILE 1048576, AS infinity
load average:4,46 1,93 1,15

/proc/meminfo:
MemTotal:        4035920 kB
MemFree:          112136 kB
MemAvailable:      15284 kB
Buffers:             652 kB
Cached:            79860 kB
SwapCached:            0 kB
Active:          3603812 kB
Inactive:          74188 kB
Active(anon):    3598624 kB
Inactive(anon):    68972 kB
Active(file):       5188 kB
Inactive(file):     5216 kB
Unevictable:          56 kB
Mlocked:              56 kB
SwapTotal:             0 kB
SwapFree:              0 kB
Dirty:               280 kB
Writeback:             0 kB
AnonPages:       3597708 kB
Mapped:           115492 kB
Shmem:             69944 kB
Slab:              87864 kB
SReclaimable:      35000 kB
SUnreclaim:        52864 kB
KernelStack:       12192 kB
PageTables:        54172 kB
NFS_Unstable:          0 kB
Bounce:                0 kB
WritebackTmp:          0 kB
CommitLimit:     2017960 kB
Committed_AS:    9692312 kB
VmallocTotal:   34359738367 kB
VmallocUsed:           0 kB
VmallocChunk:          0 kB
HardwareCorrupted:     0 kB
AnonHugePages:         0 kB
ShmemHugePages:        0 kB
ShmemPmdMapped:        0 kB
CmaTotal:              0 kB
CmaFree:               0 kB
HugePages_Total:       0
HugePages_Free:        0
HugePages_Rsvd:        0
HugePages_Surp:        0
Hugepagesize:       2048 kB
DirectMap4k:      237544 kB
DirectMap2M:     3952640 kB


CPU:total 2 (2 cores per cpu, 1 threads per core) family 6 model 23 stepping 10, cmov, cx8, fxsr, mmx, sse, sse2, sse3, ssse3, sse4.1, tsc

/proc/cpuinfo:
processor	: 0
vendor_id	: GenuineIntel
cpu family	: 6
model		: 23
model name	: Intel(R) Core(TM)2 Duo CPU     E7500  @ 2.93GHz
stepping	: 10
microcode	: 0xa0b
cpu MHz		: 2926.000
cache size	: 3072 KB
physical id	: 0
siblings	: 2
core id		: 0
cpu cores	: 2
apicid		: 0
initial apicid	: 0
fpu		: yes
fpu_exception	: yes
cpuid level	: 13
wp		: yes
flags		: fpu vme de pse tsc msr pae mce cx8 apic sep mtrr pge mca cmov pat pse36 clflush dts acpi mmx fxsr sse sse2 ss ht tm pbe syscall nx lm constant_tsc arch_perfmon pebs bts rep_good nopl cpuid aperfmperf pni dtes64 monitor ds_cpl vmx est tm2 ssse3 cx16 xtpr pdcm sse4_1 xsave lahf_lm pti tpr_shadow vnmi flexpriority dtherm
bugs		: cpu_meltdown spectre_v1 spectre_v2
bogomips	: 5851.94
clflush size	: 64
cache_alignment	: 64
address sizes	: 36 bits physical, 48 bits virtual
power management:

processor	: 1
vendor_id	: GenuineIntel
cpu family	: 6
model		: 23
model name	: Intel(R) Core(TM)2 Duo CPU     E7500  @ 2.93GHz
stepping	: 10
microcode	: 0xa0b
cpu MHz		: 2926.000
cache size	: 3072 KB
physical id	: 0
siblings	: 2
core id		: 1
cpu cores	: 2
apicid		: 1
initial apicid	: 1
fpu		: yes
fpu_exception	: yes
cpuid level	: 13
wp		: yes
flags		: fpu vme de pse tsc msr pae mce cx8 apic sep mtrr pge mca cmov pat pse36 clflush dts acpi mmx fxsr sse sse2 ss ht tm pbe syscall nx lm constant_tsc arch_perfmon pebs bts rep_good nopl cpuid aperfmperf pni dtes64 monitor ds_cpl vmx est tm2 ssse3 cx16 xtpr pdcm sse4_1 xsave lahf_lm pti tpr_shadow vnmi flexpriority dtherm
bugs		: cpu_meltdown spectre_v1 spectre_v2
bogomips	: 5851.94
clflush size	: 64
cache_alignment	: 64
address sizes	: 36 bits physical, 48 bits virtual
power management:



Memory: 4k page, physical 4035920k(112136k free), swap 0k(0k free)

vm_info: OpenJDK 64-Bit Server VM (25.112-b06) for linux-amd64 JRE (1.8.0_112-release-b06), built on Dec  6 2016 12:11:18 by "builder" with gcc 4.8.4

time: Thu Feb 15 19:30:19 2018
elapsed time: 949 seconds (0d 0h 15m 49s)

